{"/Users/user/Desktop/tawreed/tawreedApp/src/constants/api.ts": {"path":"/Users/user/Desktop/tawreed/tawreedApp/src/constants/api.ts","statementMap":{"0":{"start":{"line":1,"column":0},"end":{"line":1,"column":40}},"1":{"start":{"line":3,"column":25},"end":{"line":9,"column":1}},"2":{"start":{"line":5,"column":2},"end":{"line":5,"column":60}},"3":{"start":{"line":5,"column":29},"end":{"line":5,"column":60}},"4":{"start":{"line":7,"column":2},"end":{"line":7,"column":38}},"5":{"start":{"line":11,"column":13},"end":{"line":12,"column":56}},"6":{"start":{"line":14,"column":13},"end":{"line":61,"column":11}},"7":{"start":{"line":22,"column":28},"end":{"line":22,"column":52}},"8":{"start":{"line":31,"column":28},"end":{"line":31,"column":48}},"9":{"start":{"line":32,"column":28},"end":{"line":32,"column":48}},"10":{"start":{"line":36,"column":28},"end":{"line":36,"column":50}},"11":{"start":{"line":38,"column":28},"end":{"line":38,"column":50}},"12":{"start":{"line":43,"column":31},"end":{"line":43,"column":65}},"13":{"start":{"line":63,"column":13},"end":{"line":65,"column":11}}},"fnMap":{"0":{"name":"(anonymous_0)","decl":{"start":{"line":3,"column":25},"end":{"line":3,"column":28}},"loc":{"start":{"line":3,"column":30},"end":{"line":9,"column":1}}},"1":{"name":"(anonymous_1)","decl":{"start":{"line":22,"column":12},"end":{"line":22,"column":13}},"loc":{"start":{"line":22,"column":28},"end":{"line":22,"column":52}}},"2":{"name":"(anonymous_2)","decl":{"start":{"line":31,"column":12},"end":{"line":31,"column":13}},"loc":{"start":{"line":31,"column":28},"end":{"line":31,"column":48}}},"3":{"name":"(anonymous_3)","decl":{"start":{"line":32,"column":12},"end":{"line":32,"column":13}},"loc":{"start":{"line":32,"column":28},"end":{"line":32,"column":48}}},"4":{"name":"(anonymous_4)","decl":{"start":{"line":36,"column":12},"end":{"line":36,"column":13}},"loc":{"start":{"line":36,"column":28},"end":{"line":36,"column":50}}},"5":{"name":"(anonymous_5)","decl":{"start":{"line":38,"column":12},"end":{"line":38,"column":13}},"loc":{"start":{"line":38,"column":28},"end":{"line":38,"column":50}}},"6":{"name":"(anonymous_6)","decl":{"start":{"line":43,"column":15},"end":{"line":43,"column":16}},"loc":{"start":{"line":43,"column":31},"end":{"line":43,"column":65}}}},"branchMap":{"0":{"loc":{"start":{"line":5,"column":2},"end":{"line":5,"column":60}},"type":"if","locations":[{"start":{"line":5,"column":2},"end":{"line":5,"column":60}},{"start":{},"end":{}}]},"1":{"loc":{"start":{"line":12,"column":2},"end":{"line":12,"column":55}},"type":"binary-expr","locations":[{"start":{"line":12,"column":2},"end":{"line":12,"column":33}},{"start":{"line":12,"column":37},"end":{"line":12,"column":55}}]}},"s":{"0":1,"1":1,"2":1,"3":0,"4":1,"5":1,"6":1,"7":2,"8":1,"9":1,"10":1,"11":0,"12":1,"13":1},"f":{"0":1,"1":2,"2":1,"3":1,"4":1,"5":0,"6":1},"b":{"0":[0,1],"1":[1,1]}}
,"/Users/user/Desktop/tawreed/tawreedApp/src/constants/theme-modern.ts": {"path":"/Users/user/Desktop/tawreed/tawreedApp/src/constants/theme-modern.ts","statementMap":{"0":{"start":{"line":1,"column":0},"end":{"line":1,"column":43}},"1":{"start":{"line":8,"column":13},"end":{"line":40,"column":11}},"2":{"start":{"line":46,"column":13},"end":{"line":85,"column":11}},"3":{"start":{"line":91,"column":13},"end":{"line":100,"column":11}},"4":{"start":{"line":106,"column":13},"end":{"line":112,"column":11}},"5":{"start":{"line":118,"column":13},"end":{"line":145,"column":11}},"6":{"start":{"line":151,"column":13},"end":{"line":162,"column":11}},"7":{"start":{"line":168,"column":13},"end":{"line":168,"column":39}},"8":{"start":{"line":173,"column":13},"end":{"line":221,"column":11}},"9":{"start":{"line":224,"column":13},"end":{"line":224,"column":44}},"10":{"start":{"line":225,"column":13},"end":{"line":225,"column":47}}},"fnMap":{},"branchMap":{},"s":{"0":0,"1":0,"2":0,"3":0,"4":0,"5":0,"6":0,"7":0,"8":0,"9":0,"10":0},"f":{},"b":{}}
,"/Users/user/Desktop/tawreed/tawreedApp/src/constants/theme.ts": {"path":"/Users/user/Desktop/tawreed/tawreedApp/src/constants/theme.ts","statementMap":{"0":{"start":{"line":1,"column":0},"end":{"line":1,"column":43}},"1":{"start":{"line":3,"column":13},"end":{"line":36,"column":11}},"2":{"start":{"line":38,"column":13},"end":{"line":47,"column":11}},"3":{"start":{"line":49,"column":13},"end":{"line":58,"column":11}},"4":{"start":{"line":60,"column":13},"end":{"line":67,"column":11}},"5":{"start":{"line":69,"column":13},"end":{"line":91,"column":11}},"6":{"start":{"line":93,"column":13},"end":{"line":93,"column":39}}},"fnMap":{},"branchMap":{},"s":{"0":1,"1":1,"2":1,"3":1,"4":1,"5":1,"6":1},"f":{},"b":{}}
,"/Users/user/Desktop/tawreed/tawreedApp/src/hooks/useAuthGuard.ts": {"path":"/Users/user/Desktop/tawreed/tawreedApp/src/hooks/useAuthGuard.ts","statementMap":{"0":{"start":{"line":8,"column":0},"end":{"line":8,"column":16}},"1":{"start":{"line":1,"column":0},"end":{"line":1,"column":45}},"2":{"start":{"line":2,"column":0},"end":{"line":2,"column":46}},"3":{"start":{"line":9,"column":30},"end":{"line":9,"column":67}},"4":{"start":{"line":9,"column":56},"end":{"line":9,"column":66}},"5":{"start":{"line":10,"column":46},"end":{"line":10,"column":61}},"6":{"start":{"line":12,"column":22},"end":{"line":22,"column":null}},"7":{"start":{"line":14,"column":6},"end":{"line":17,"column":7}},"8":{"start":{"line":15,"column":8},"end":{"line":15,"column":21}},"9":{"start":{"line":16,"column":8},"end":{"line":16,"column":20}},"10":{"start":{"line":19,"column":6},"end":{"line":19,"column":30}},"11":{"start":{"line":20,"column":6},"end":{"line":20,"column":19}},"12":{"start":{"line":25,"column":2},"end":{"line":30,"column":4}}},"fnMap":{"0":{"name":"useAuthGuard","decl":{"start":{"line":8,"column":16},"end":{"line":8,"column":28}},"loc":{"start":{"line":8,"column":28},"end":{"line":31,"column":1}}},"1":{"name":"(anonymous_1)","decl":{"start":{"line":9,"column":45},"end":{"line":9,"column":46}},"loc":{"start":{"line":9,"column":56},"end":{"line":9,"column":66}}},"2":{"name":"(anonymous_2)","decl":{"start":{"line":13,"column":4},"end":{"line":13,"column":5}},"loc":{"start":{"line":13,"column":30},"end":{"line":21,"column":5}}}},"branchMap":{"0":{"loc":{"start":{"line":14,"column":6},"end":{"line":17,"column":7}},"type":"if","locations":[{"start":{"line":14,"column":6},"end":{"line":17,"column":7}},{"start":{},"end":{}}]}},"s":{"0":0,"1":0,"2":0,"3":0,"4":0,"5":0,"6":0,"7":0,"8":0,"9":0,"10":0,"11":0,"12":0},"f":{"0":0,"1":0,"2":0},"b":{"0":[0,0]}}
,"/Users/user/Desktop/tawreed/tawreedApp/src/hooks/usePushNotificationPermission.ts": {"path":"/Users/user/Desktop/tawreed/tawreedApp/src/hooks/usePushNotificationPermission.ts","statementMap":{"0":{"start":{"line":1,"column":0},"end":{"line":1,"column":78}},"1":{"start":{"line":2,"column":0},"end":{"line":2,"column":45}},"2":{"start":{"line":3,"column":0},"end":{"line":3,"column":57}},"3":{"start":{"line":9,"column":45},"end":{"line":92,"column":1}},"4":{"start":{"line":10,"column":42},"end":{"line":10,"column":57}},"5":{"start":{"line":11,"column":52},"end":{"line":11,"column":63}},"6":{"start":{"line":12,"column":36},"end":{"line":12,"column":50}},"7":{"start":{"line":15,"column":2},"end":{"line":27,"column":9}},"8":{"start":{"line":16,"column":4},"end":{"line":22,"column":7}},"9":{"start":{"line":17,"column":6},"end":{"line":20,"column":8}},"10":{"start":{"line":21,"column":6},"end":{"line":21,"column":28}},"11":{"start":{"line":24,"column":4},"end":{"line":26,"column":6}},"12":{"start":{"line":25,"column":6},"end":{"line":25,"column":60}},"13":{"start":{"line":30,"column":2},"end":{"line":34,"column":4}},"14":{"start":{"line":32,"column":6},"end":{"line":32,"column":30}},"15":{"start":{"line":36,"column":32},"end":{"line":59,"column":3}},"16":{"start":{"line":37,"column":4},"end":{"line":58,"column":5}},"17":{"start":{"line":38,"column":6},"end":{"line":38,"column":25}},"18":{"start":{"line":39,"column":21},"end":{"line":39,"column":72}},"19":{"start":{"line":41,"column":6},"end":{"line":45,"column":9}},"20":{"start":{"line":47,"column":6},"end":{"line":47,"column":48}},"21":{"start":{"line":52,"column":6},"end":{"line":55,"column":8}},"22":{"start":{"line":57,"column":6},"end":{"line":57,"column":26}},"23":{"start":{"line":61,"column":28},"end":{"line":71,"column":8}},"24":{"start":{"line":62,"column":4},"end":{"line":70,"column":5}},"25":{"start":{"line":63,"column":6},"end":{"line":63,"column":66}},"26":{"start":{"line":64,"column":6},"end":{"line":64,"column":29}},"27":{"start":{"line":66,"column":6},"end":{"line":69,"column":8}},"28":{"start":{"line":73,"column":27},"end":{"line":83,"column":8}},"29":{"start":{"line":74,"column":4},"end":{"line":82,"column":5}},"30":{"start":{"line":75,"column":6},"end":{"line":75,"column":65}},"31":{"start":{"line":76,"column":6},"end":{"line":76,"column":29}},"32":{"start":{"line":78,"column":6},"end":{"line":81,"column":8}},"33":{"start":{"line":85,"column":2},"end":{"line":91,"column":4}},"34":{"start":{"line":9,"column":13},"end":{"line":9,"column":45}}},"fnMap":{"0":{"name":"(anonymous_0)","decl":{"start":{"line":9,"column":45},"end":{"line":9,"column":48}},"loc":{"start":{"line":9,"column":50},"end":{"line":92,"column":1}}},"1":{"name":"(anonymous_1)","decl":{"start":{"line":15,"column":12},"end":{"line":15,"column":15}},"loc":{"start":{"line":15,"column":17},"end":{"line":27,"column":3}}},"2":{"name":"(anonymous_2)","decl":{"start":{"line":16,"column":52},"end":{"line":16,"column":53}},"loc":{"start":{"line":16,"column":70},"end":{"line":22,"column":5}}},"3":{"name":"(anonymous_3)","decl":{"start":{"line":24,"column":11},"end":{"line":24,"column":14}},"loc":{"start":{"line":24,"column":16},"end":{"line":26,"column":5}}},"4":{"name":"(anonymous_4)","decl":{"start":{"line":31,"column":16},"end":{"line":31,"column":19}},"loc":{"start":{"line":31,"column":21},"end":{"line":33,"column":5}}},"5":{"name":"(anonymous_5)","decl":{"start":{"line":36,"column":32},"end":{"line":36,"column":37}},"loc":{"start":{"line":36,"column":43},"end":{"line":59,"column":3}}},"6":{"name":"(anonymous_6)","decl":{"start":{"line":61,"column":40},"end":{"line":61,"column":45}},"loc":{"start":{"line":61,"column":51},"end":{"line":71,"column":3}}},"7":{"name":"(anonymous_7)","decl":{"start":{"line":73,"column":39},"end":{"line":73,"column":44}},"loc":{"start":{"line":73,"column":50},"end":{"line":83,"column":3}}}},"branchMap":{},"s":{"0":0,"1":0,"2":0,"3":0,"4":0,"5":0,"6":0,"7":0,"8":0,"9":0,"10":0,"11":0,"12":0,"13":0,"14":0,"15":0,"16":0,"17":0,"18":0,"19":0,"20":0,"21":0,"22":0,"23":0,"24":0,"25":0,"26":0,"27":0,"28":0,"29":0,"30":0,"31":0,"32":0,"33":0,"34":0},"f":{"0":0,"1":0,"2":0,"3":0,"4":0,"5":0,"6":0,"7":0},"b":{}}
,"/Users/user/Desktop/tawreed/tawreedApp/src/localization/i18n.ts": {"path":"/Users/user/Desktop/tawreed/tawreedApp/src/localization/i18n.ts","statementMap":{"0":{"start":{"line":30,"column":0},"end":{"line":30,"column":7}},"1":{"start":{"line":48,"column":0},"end":{"line":48,"column":7}},"2":{"start":{"line":60,"column":0},"end":{"line":60,"column":16}},"3":{"start":{"line":64,"column":0},"end":{"line":64,"column":16}},"4":{"start":{"line":1,"column":0},"end":{"line":1,"column":69}},"5":{"start":{"line":2,"column":0},"end":{"line":2,"column":27}},"6":{"start":{"line":3,"column":0},"end":{"line":3,"column":49}},"7":{"start":{"line":4,"column":0},"end":{"line":4,"column":43}},"8":{"start":{"line":6,"column":0},"end":{"line":6,"column":27}},"9":{"start":{"line":7,"column":0},"end":{"line":7,"column":27}},"10":{"start":{"line":9,"column":21},"end":{"line":9,"column":39}},"11":{"start":{"line":11,"column":18},"end":{"line":14,"column":2}},"12":{"start":{"line":17,"column":20},"end":{"line":17,"column":24}},"13":{"start":{"line":19,"column":0},"end":{"line":27,"column":3}},"14":{"start":{"line":31,"column":2},"end":{"line":45,"column":3}},"15":{"start":{"line":32,"column":18},"end":{"line":32,"column":58}},"16":{"start":{"line":33,"column":4},"end":{"line":42,"column":5}},"17":{"start":{"line":34,"column":6},"end":{"line":34,"column":34}},"18":{"start":{"line":37,"column":23},"end":{"line":37,"column":45}},"19":{"start":{"line":38,"column":6},"end":{"line":41,"column":7}},"20":{"start":{"line":39,"column":8},"end":{"line":39,"column":39}},"21":{"start":{"line":40,"column":8},"end":{"line":40,"column":39}},"22":{"start":{"line":49,"column":2},"end":{"line":49,"column":34}},"23":{"start":{"line":50,"column":2},"end":{"line":50,"column":49}},"24":{"start":{"line":52,"column":19},"end":{"line":52,"column":32}},"25":{"start":{"line":53,"column":2},"end":{"line":57,"column":3}},"26":{"start":{"line":54,"column":4},"end":{"line":54,"column":35}},"27":{"start":{"line":55,"column":4},"end":{"line":55,"column":35}},"28":{"start":{"line":61,"column":2},"end":{"line":61,"column":48}},"29":{"start":{"line":65,"column":2},"end":{"line":65,"column":32}},"30":{"start":{"line":68,"column":0},"end":{"line":68,"column":20}}},"fnMap":{"0":{"name":"loadSavedLanguage","decl":{"start":{"line":30,"column":22},"end":{"line":30,"column":39}},"loc":{"start":{"line":30,"column":39},"end":{"line":46,"column":1}}},"1":{"name":"changeLanguage","decl":{"start":{"line":48,"column":22},"end":{"line":48,"column":36}},"loc":{"start":{"line":48,"column":54},"end":{"line":58,"column":1}}},"2":{"name":"getCurrentLanguage","decl":{"start":{"line":60,"column":16},"end":{"line":60,"column":34}},"loc":{"start":{"line":60,"column":34},"end":{"line":62,"column":1}}},"3":{"name":"isRTL","decl":{"start":{"line":64,"column":16},"end":{"line":64,"column":21}},"loc":{"start":{"line":64,"column":21},"end":{"line":66,"column":1}}}},"branchMap":{"0":{"loc":{"start":{"line":33,"column":4},"end":{"line":42,"column":5}},"type":"if","locations":[{"start":{"line":33,"column":4},"end":{"line":42,"column":5}},{"start":{"line":35,"column":11},"end":{"line":42,"column":5}}]},"1":{"loc":{"start":{"line":33,"column":8},"end":{"line":33,"column":51}},"type":"binary-expr","locations":[{"start":{"line":33,"column":8},"end":{"line":33,"column":13}},{"start":{"line":33,"column":18},"end":{"line":33,"column":32}},{"start":{"line":33,"column":36},"end":{"line":33,"column":50}}]},"2":{"loc":{"start":{"line":38,"column":6},"end":{"line":41,"column":7}},"type":"if","locations":[{"start":{"line":38,"column":6},"end":{"line":41,"column":7}},{"start":{},"end":{}}]},"3":{"loc":{"start":{"line":53,"column":2},"end":{"line":57,"column":3}},"type":"if","locations":[{"start":{"line":53,"column":2},"end":{"line":57,"column":3}},{"start":{},"end":{}}]},"4":{"loc":{"start":{"line":61,"column":10},"end":{"line":61,"column":47}},"type":"binary-expr","locations":[{"start":{"line":61,"column":10},"end":{"line":61,"column":39}},{"start":{"line":61,"column":43},"end":{"line":61,"column":47}}]}},"s":{"0":1,"1":1,"2":1,"3":1,"4":1,"5":1,"6":1,"7":1,"8":1,"9":1,"10":1,"11":1,"12":1,"13":1,"14":4,"15":4,"16":4,"17":2,"18":2,"19":2,"20":0,"21":0,"22":6,"23":6,"24":6,"25":6,"26":4,"27":4,"28":3,"29":3,"30":1},"f":{"0":4,"1":6,"2":3,"3":3},"b":{"0":[2,2],"1":[4,3,2],"2":[0,2],"3":[4,2],"4":[3,0]}}
,"/Users/user/Desktop/tawreed/tawreedApp/src/services/api.ts": {"path":"/Users/user/Desktop/tawreed/tawreedApp/src/services/api.ts","statementMap":{"0":{"start":{"line":1,"column":0},"end":{"line":1,"column":51}},"1":{"start":{"line":2,"column":0},"end":{"line":2,"column":68}},"2":{"start":{"line":3,"column":0},"end":{"line":3,"column":26}},"3":{"start":{"line":5,"column":18},"end":{"line":12,"column":2}},"4":{"start":{"line":14,"column":0},"end":{"line":29,"column":2}},"5":{"start":{"line":16,"column":18},"end":{"line":16,"column":34}},"6":{"start":{"line":17,"column":4},"end":{"line":19,"column":5}},"7":{"start":{"line":18,"column":6},"end":{"line":18,"column":55}},"8":{"start":{"line":20,"column":4},"end":{"line":25,"column":7}},"9":{"start":{"line":26,"column":4},"end":{"line":26,"column":18}},"10":{"start":{"line":28,"column":13},"end":{"line":28,"column":34}},"11":{"start":{"line":31,"column":0},"end":{"line":52,"column":2}},"12":{"start":{"line":33,"column":4},"end":{"line":37,"column":7}},"13":{"start":{"line":38,"column":4},"end":{"line":38,"column":20}},"14":{"start":{"line":41,"column":4},"end":{"line":46,"column":7}},"15":{"start":{"line":47,"column":4},"end":{"line":49,"column":5}},"16":{"start":{"line":48,"column":6},"end":{"line":48,"column":20}},"17":{"start":{"line":50,"column":4},"end":{"line":50,"column":33}},"18":{"start":{"line":54,"column":0},"end":{"line":54,"column":25}}},"fnMap":{"0":{"name":"(anonymous_1)","decl":{"start":{"line":15,"column":2},"end":{"line":15,"column":7}},"loc":{"start":{"line":15,"column":19},"end":{"line":27,"column":3}}},"1":{"name":"(anonymous_2)","decl":{"start":{"line":28,"column":2},"end":{"line":28,"column":3}},"loc":{"start":{"line":28,"column":13},"end":{"line":28,"column":34}}},"2":{"name":"(anonymous_3)","decl":{"start":{"line":32,"column":2},"end":{"line":32,"column":3}},"loc":{"start":{"line":32,"column":15},"end":{"line":39,"column":3}}},"3":{"name":"(anonymous_4)","decl":{"start":{"line":40,"column":2},"end":{"line":40,"column":3}},"loc":{"start":{"line":40,"column":12},"end":{"line":51,"column":3}}}},"branchMap":{"0":{"loc":{"start":{"line":17,"column":4},"end":{"line":19,"column":5}},"type":"if","locations":[{"start":{"line":17,"column":4},"end":{"line":19,"column":5}},{"start":{},"end":{}}]},"1":{"loc":{"start":{"line":47,"column":4},"end":{"line":49,"column":5}},"type":"if","locations":[{"start":{"line":47,"column":4},"end":{"line":49,"column":5}},{"start":{},"end":{}}]}},"s":{"0":0,"1":0,"2":0,"3":0,"4":0,"5":0,"6":0,"7":0,"8":0,"9":0,"10":0,"11":0,"12":0,"13":0,"14":0,"15":0,"16":0,"17":0,"18":0},"f":{"0":0,"1":0,"2":0,"3":0},"b":{"0":[0,0],"1":[0,0]}}
,"/Users/user/Desktop/tawreed/tawreedApp/src/services/auth.service.ts": {"path":"/Users/user/Desktop/tawreed/tawreedApp/src/services/auth.service.ts","statementMap":{"0":{"start":{"line":1,"column":0},"end":{"line":1,"column":52}},"1":{"start":{"line":2,"column":0},"end":{"line":2,"column":30}},"2":{"start":{"line":36,"column":13},"end":{"line":76,"column":2}},"3":{"start":{"line":38,"column":21},"end":{"line":40,"column":null}},"4":{"start":{"line":42,"column":4},"end":{"line":42,"column":16}},"5":{"start":{"line":47,"column":28},"end":{"line":55,"column":6}},"6":{"start":{"line":57,"column":21},"end":{"line":59,"column":null}},"7":{"start":{"line":61,"column":4},"end":{"line":61,"column":16}},"8":{"start":{"line":65,"column":21},"end":{"line":65,"column":69}},"9":{"start":{"line":66,"column":4},"end":{"line":66,"column":16}},"10":{"start":{"line":70,"column":21},"end":{"line":72,"column":null}},"11":{"start":{"line":74,"column":4},"end":{"line":74,"column":16}}},"fnMap":{"0":{"name":"(anonymous_1)","decl":{"start":{"line":37,"column":9},"end":{"line":37,"column":14}},"loc":{"start":{"line":37,"column":64},"end":{"line":43,"column":3}}},"1":{"name":"(anonymous_2)","decl":{"start":{"line":45,"column":12},"end":{"line":45,"column":17}},"loc":{"start":{"line":45,"column":70},"end":{"line":62,"column":3}}},"2":{"name":"(anonymous_3)","decl":{"start":{"line":64,"column":9},"end":{"line":64,"column":14}},"loc":{"start":{"line":64,"column":35},"end":{"line":67,"column":3}}},"3":{"name":"(anonymous_4)","decl":{"start":{"line":69,"column":18},"end":{"line":69,"column":23}},"loc":{"start":{"line":69,"column":75},"end":{"line":75,"column":3}}}},"branchMap":{},"s":{"0":0,"1":0,"2":0,"3":0,"4":0,"5":0,"6":0,"7":0,"8":0,"9":0,"10":0,"11":0},"f":{"0":0,"1":0,"2":0,"3":0},"b":{}}
,"/Users/user/Desktop/tawreed/tawreedApp/src/services/cart.service.ts": {"path":"/Users/user/Desktop/tawreed/tawreedApp/src/services/cart.service.ts","statementMap":{"0":{"start":{"line":1,"column":0},"end":{"line":1,"column":52}},"1":{"start":{"line":9,"column":0},"end":{"line":9,"column":30}},"2":{"start":{"line":10,"column":0},"end":{"line":10,"column":47}},"3":{"start":{"line":12,"column":13},"end":{"line":48,"column":2}},"4":{"start":{"line":14,"column":21},"end":{"line":15,"column":null}},"5":{"start":{"line":17,"column":4},"end":{"line":20,"column":8}},"6":{"start":{"line":17,"column":37},"end":{"line":20,"column":6}},"7":{"start":{"line":24,"column":21},"end":{"line":26,"column":null}},"8":{"start":{"line":28,"column":4},"end":{"line":31,"column":6}},"9":{"start":{"line":38,"column":21},"end":{"line":40,"column":null}},"10":{"start":{"line":42,"column":4},"end":{"line":42,"column":16}},"11":{"start":{"line":46,"column":4},"end":{"line":46,"column":58}}},"fnMap":{"0":{"name":"(anonymous_1)","decl":{"start":{"line":13,"column":11},"end":{"line":13,"column":16}},"loc":{"start":{"line":13,"column":46},"end":{"line":21,"column":3}}},"1":{"name":"(anonymous_2)","decl":{"start":{"line":17,"column":26},"end":{"line":17,"column":27}},"loc":{"start":{"line":17,"column":37},"end":{"line":20,"column":6}}},"2":{"name":"(anonymous_3)","decl":{"start":{"line":23,"column":13},"end":{"line":23,"column":18}},"loc":{"start":{"line":23,"column":71},"end":{"line":32,"column":3}}},"3":{"name":"(anonymous_4)","decl":{"start":{"line":34,"column":18},"end":{"line":34,"column":23}},"loc":{"start":{"line":37,"column":28},"end":{"line":43,"column":3}}},"4":{"name":"(anonymous_5)","decl":{"start":{"line":45,"column":18},"end":{"line":45,"column":23}},"loc":{"start":{"line":45,"column":54},"end":{"line":47,"column":3}}}},"branchMap":{},"s":{"0":0,"1":0,"2":0,"3":0,"4":0,"5":0,"6":0,"7":0,"8":0,"9":0,"10":0,"11":0},"f":{"0":0,"1":0,"2":0,"3":0,"4":0},"b":{}}
,"/Users/user/Desktop/tawreed/tawreedApp/src/services/category.service.ts": {"path":"/Users/user/Desktop/tawreed/tawreedApp/src/services/category.service.ts","statementMap":{"0":{"start":{"line":1,"column":0},"end":{"line":1,"column":66}},"1":{"start":{"line":3,"column":0},"end":{"line":3,"column":30}},"2":{"start":{"line":34,"column":2},"end":{"line":42,"column":3}},"3":{"start":{"line":35,"column":21},"end":{"line":37,"column":41}},"4":{"start":{"line":38,"column":4},"end":{"line":41,"column":6}},"5":{"start":{"line":44,"column":2},"end":{"line":58,"column":4}},"6":{"start":{"line":66,"column":13},"end":{"line":81,"column":2}},"7":{"start":{"line":69,"column":43},"end":{"line":69,"column":45}},"8":{"start":{"line":70,"column":4},"end":{"line":70,"column":45}},"9":{"start":{"line":70,"column":18},"end":{"line":70,"column":45}},"10":{"start":{"line":72,"column":21},"end":{"line":74,"column":null}},"11":{"start":{"line":76,"column":4},"end":{"line":79,"column":6}}},"fnMap":{"0":{"name":"mapCategory","decl":{"start":{"line":32,"column":9},"end":{"line":32,"column":20}},"loc":{"start":{"line":32,"column":37},"end":{"line":59,"column":1}}},"1":{"name":"(anonymous_2)","decl":{"start":{"line":68,"column":17},"end":{"line":68,"column":22}},"loc":{"start":{"line":68,"column":72},"end":{"line":80,"column":3}}}},"branchMap":{"0":{"loc":{"start":{"line":34,"column":2},"end":{"line":42,"column":3}},"type":"if","locations":[{"start":{"line":34,"column":2},"end":{"line":42,"column":3}},{"start":{},"end":{}}]},"1":{"loc":{"start":{"line":35,"column":21},"end":{"line":37,"column":41}},"type":"cond-expr","locations":[{"start":{"line":36,"column":8},"end":{"line":36,"column":21}},{"start":{"line":37,"column":8},"end":{"line":37,"column":41}}]},"2":{"loc":{"start":{"line":40,"column":11},"end":{"line":40,"column":36}},"type":"binary-expr","locations":[{"start":{"line":40,"column":11},"end":{"line":40,"column":24}},{"start":{"line":40,"column":28},"end":{"line":40,"column":36}}]},"3":{"loc":{"start":{"line":49,"column":10},"end":{"line":49,"column":24}},"type":"binary-expr","locations":[{"start":{"line":49,"column":10},"end":{"line":49,"column":18}},{"start":{"line":49,"column":22},"end":{"line":49,"column":24}}]},"4":{"loc":{"start":{"line":50,"column":14},"end":{"line":50,"column":34}},"type":"binary-expr","locations":[{"start":{"line":50,"column":14},"end":{"line":50,"column":26}},{"start":{"line":50,"column":30},"end":{"line":50,"column":34}}]},"5":{"loc":{"start":{"line":51,"column":11},"end":{"line":51,"column":25}},"type":"binary-expr","locations":[{"start":{"line":51,"column":11},"end":{"line":51,"column":20}},{"start":{"line":51,"column":24},"end":{"line":51,"column":25}}]},"6":{"loc":{"start":{"line":52,"column":17},"end":{"line":52,"column":41}},"type":"binary-expr","locations":[{"start":{"line":52,"column":17},"end":{"line":52,"column":32}},{"start":{"line":52,"column":36},"end":{"line":52,"column":41}}]},"7":{"loc":{"start":{"line":53,"column":19},"end":{"line":53,"column":41}},"type":"binary-expr","locations":[{"start":{"line":53,"column":19},"end":{"line":53,"column":36}},{"start":{"line":53,"column":40},"end":{"line":53,"column":41}}]},"8":{"loc":{"start":{"line":54,"column":19},"end":{"line":54,"column":65}},"type":"binary-expr","locations":[{"start":{"line":54,"column":19},"end":{"line":54,"column":36}},{"start":{"line":54,"column":40},"end":{"line":54,"column":60}},{"start":{"line":54,"column":64},"end":{"line":54,"column":65}}]},"9":{"loc":{"start":{"line":56,"column":18},"end":{"line":56,"column":59}},"type":"binary-expr","locations":[{"start":{"line":56,"column":18},"end":{"line":56,"column":35}},{"start":{"line":56,"column":39},"end":{"line":56,"column":59}}]},"10":{"loc":{"start":{"line":70,"column":4},"end":{"line":70,"column":45}},"type":"if","locations":[{"start":{"line":70,"column":4},"end":{"line":70,"column":45}},{"start":{},"end":{}}]},"11":{"loc":{"start":{"line":78,"column":18},"end":{"line":78,"column":39}},"type":"binary-expr","locations":[{"start":{"line":78,"column":18},"end":{"line":78,"column":33}},{"start":{"line":78,"column":37},"end":{"line":78,"column":39}}]}},"s":{"0":0,"1":0,"2":0,"3":0,"4":0,"5":0,"6":0,"7":0,"8":0,"9":0,"10":0,"11":0},"f":{"0":0,"1":0},"b":{"0":[0,0],"1":[0,0],"2":[0,0],"3":[0,0],"4":[0,0],"5":[0,0],"6":[0,0],"7":[0,0],"8":[0,0,0],"9":[0,0],"10":[0,0],"11":[0,0]}}
,"/Users/user/Desktop/tawreed/tawreedApp/src/services/coupon.service.ts": {"path":"/Users/user/Desktop/tawreed/tawreedApp/src/services/coupon.service.ts","statementMap":{"0":{"start":{"line":1,"column":0},"end":{"line":1,"column":52}},"1":{"start":{"line":8,"column":0},"end":{"line":8,"column":30}},"2":{"start":{"line":10,"column":13},"end":{"line":30,"column":2}},"3":{"start":{"line":14,"column":21},"end":{"line":16,"column":null}},"4":{"start":{"line":18,"column":4},"end":{"line":18,"column":16}},"5":{"start":{"line":24,"column":21},"end":{"line":26,"column":null}},"6":{"start":{"line":28,"column":4},"end":{"line":28,"column":16}}},"fnMap":{"0":{"name":"(anonymous_1)","decl":{"start":{"line":11,"column":18},"end":{"line":11,"column":23}},"loc":{"start":{"line":13,"column":39},"end":{"line":19,"column":3}}},"1":{"name":"(anonymous_2)","decl":{"start":{"line":21,"column":17},"end":{"line":21,"column":22}},"loc":{"start":{"line":23,"column":38},"end":{"line":29,"column":3}}}},"branchMap":{},"s":{"0":0,"1":0,"2":0,"3":0,"4":0,"5":0,"6":0},"f":{"0":0,"1":0},"b":{}}
,"/Users/user/Desktop/tawreed/tawreedApp/src/services/location.service.ts": {"path":"/Users/user/Desktop/tawreed/tawreedApp/src/services/location.service.ts","statementMap":{"0":{"start":{"line":1,"column":0},"end":{"line":1,"column":52}},"1":{"start":{"line":7,"column":0},"end":{"line":7,"column":30}},"2":{"start":{"line":9,"column":13},"end":{"line":26,"column":2}},"3":{"start":{"line":11,"column":21},"end":{"line":12,"column":null}},"4":{"start":{"line":14,"column":4},"end":{"line":14,"column":16}},"5":{"start":{"line":20,"column":21},"end":{"line":22,"column":null}},"6":{"start":{"line":24,"column":4},"end":{"line":24,"column":16}}},"fnMap":{"0":{"name":"(anonymous_1)","decl":{"start":{"line":10,"column":13},"end":{"line":10,"column":18}},"loc":{"start":{"line":10,"column":41},"end":{"line":15,"column":3}}},"1":{"name":"(anonymous_2)","decl":{"start":{"line":17,"column":18},"end":{"line":17,"column":23}},"loc":{"start":{"line":19,"column":39},"end":{"line":25,"column":3}}}},"branchMap":{},"s":{"0":0,"1":0,"2":0,"3":0,"4":0,"5":0,"6":0},"f":{"0":0,"1":0},"b":{}}
,"/Users/user/Desktop/tawreed/tawreedApp/src/services/notice.service.ts": {"path":"/Users/user/Desktop/tawreed/tawreedApp/src/services/notice.service.ts","statementMap":{"0":{"start":{"line":1,"column":0},"end":{"line":1,"column":52}},"1":{"start":{"line":3,"column":0},"end":{"line":3,"column":30}},"2":{"start":{"line":5,"column":33},"end":{"line":5,"column":42}},"3":{"start":{"line":6,"column":27},"end":{"line":6,"column":36}},"4":{"start":{"line":23,"column":2},"end":{"line":31,"column":4}},"5":{"start":{"line":34,"column":13},"end":{"line":41,"column":2}},"6":{"start":{"line":36,"column":21},"end":{"line":37,"column":null}},"7":{"start":{"line":39,"column":4},"end":{"line":39,"column":36}}},"fnMap":{"0":{"name":"mapNotice","decl":{"start":{"line":22,"column":9},"end":{"line":22,"column":18}},"loc":{"start":{"line":22,"column":41},"end":{"line":32,"column":1}}},"1":{"name":"(anonymous_2)","decl":{"start":{"line":35,"column":14},"end":{"line":35,"column":19}},"loc":{"start":{"line":35,"column":44},"end":{"line":40,"column":3}}}},"branchMap":{"0":{"loc":{"start":{"line":26,"column":21},"end":{"line":26,"column":68}},"type":"binary-expr","locations":[{"start":{"line":26,"column":21},"end":{"line":26,"column":40}},{"start":{"line":26,"column":44},"end":{"line":26,"column":68}}]},"1":{"loc":{"start":{"line":27,"column":15},"end":{"line":27,"column":50}},"type":"binary-expr","locations":[{"start":{"line":27,"column":15},"end":{"line":27,"column":28}},{"start":{"line":27,"column":32},"end":{"line":27,"column":50}}]}},"s":{"0":0,"1":0,"2":0,"3":0,"4":0,"5":0,"6":0,"7":0},"f":{"0":0,"1":0},"b":{"0":[0,0],"1":[0,0]}}
,"/Users/user/Desktop/tawreed/tawreedApp/src/services/notification.service.ts": {"path":"/Users/user/Desktop/tawreed/tawreedApp/src/services/notification.service.ts","statementMap":{"0":{"start":{"line":1,"column":0},"end":{"line":1,"column":52}},"1":{"start":{"line":3,"column":0},"end":{"line":3,"column":90}},"2":{"start":{"line":4,"column":0},"end":{"line":4,"column":69}},"3":{"start":{"line":5,"column":0},"end":{"line":5,"column":39}},"4":{"start":{"line":6,"column":0},"end":{"line":6,"column":40}},"5":{"start":{"line":7,"column":0},"end":{"line":7,"column":30}},"6":{"start":{"line":8,"column":0},"end":{"line":8,"column":42}},"7":{"start":{"line":11,"column":21},"end":{"line":16,"column":2}},"8":{"start":{"line":35,"column":24},"end":{"line":35,"column":29}},"9":{"start":{"line":36,"column":38},"end":{"line":36,"column":42}},"10":{"start":{"line":37,"column":42},"end":{"line":37,"column":46}},"11":{"start":{"line":38,"column":67},"end":{"line":38,"column":71}},"12":{"start":{"line":39,"column":64},"end":{"line":39,"column":68}},"13":{"start":{"line":42,"column":4},"end":{"line":42,"column":74}},"14":{"start":{"line":46,"column":4},"end":{"line":48,"column":5}},"15":{"start":{"line":47,"column":6},"end":{"line":47,"column":68}},"16":{"start":{"line":47,"column":33},"end":{"line":47,"column":67}},"17":{"start":{"line":49,"column":4},"end":{"line":49,"column":36}},"18":{"start":{"line":56,"column":4},"end":{"line":56,"column":41}},"19":{"start":{"line":63,"column":4},"end":{"line":78,"column":5}},"20":{"start":{"line":64,"column":28},"end":{"line":64,"column":63}},"21":{"start":{"line":65,"column":25},"end":{"line":65,"column":66}},"22":{"start":{"line":66,"column":24},"end":{"line":66,"column":44}},"23":{"start":{"line":67,"column":6},"end":{"line":70,"column":8}},"24":{"start":{"line":71,"column":6},"end":{"line":71,"column":23}},"25":{"start":{"line":73,"column":6},"end":{"line":76,"column":8}},"26":{"start":{"line":77,"column":6},"end":{"line":77,"column":19}},"27":{"start":{"line":85,"column":4},"end":{"line":85,"column":33}},"28":{"start":{"line":85,"column":26},"end":{"line":85,"column":33}},"29":{"start":{"line":87,"column":4},"end":{"line":93,"column":5}},"30":{"start":{"line":88,"column":6},"end":{"line":88,"column":30}},"31":{"start":{"line":89,"column":6},"end":{"line":91,"column":8}},"32":{"start":{"line":92,"column":6},"end":{"line":92,"column":13}},"33":{"start":{"line":95,"column":4},"end":{"line":127,"column":5}},"34":{"start":{"line":96,"column":28},"end":{"line":96,"column":63}},"35":{"start":{"line":99,"column":6},"end":{"line":104,"column":9}},"36":{"start":{"line":107,"column":6},"end":{"line":115,"column":9}},"37":{"start":{"line":108,"column":41},"end":{"line":114,"column":10}},"38":{"start":{"line":118,"column":6},"end":{"line":118,"column":45}},"39":{"start":{"line":121,"column":6},"end":{"line":121,"column":45}},"40":{"start":{"line":123,"column":6},"end":{"line":123,"column":30}},"41":{"start":{"line":124,"column":6},"end":{"line":124,"column":61}},"42":{"start":{"line":126,"column":6},"end":{"line":126,"column":72}},"43":{"start":{"line":134,"column":4},"end":{"line":206,"column":5}},"44":{"start":{"line":136,"column":34},"end":{"line":136,"column":74}},"45":{"start":{"line":138,"column":6},"end":{"line":150,"column":7}},"46":{"start":{"line":139,"column":8},"end":{"line":141,"column":10}},"47":{"start":{"line":142,"column":8},"end":{"line":142,"column":76}},"48":{"start":{"line":144,"column":10},"end":{"line":144,"column":63}},"49":{"start":{"line":145,"column":8},"end":{"line":149,"column":10}},"50":{"start":{"line":153,"column":6},"end":{"line":153,"column":66}},"51":{"start":{"line":156,"column":21},"end":{"line":156,"column":68}},"52":{"start":{"line":158,"column":6},"end":{"line":158,"column":68}},"53":{"start":{"line":161,"column":22},"end":{"line":162,"column":null}},"54":{"start":{"line":164,"column":6},"end":{"line":171,"column":7}},"55":{"start":{"line":165,"column":8},"end":{"line":165,"column":72}},"56":{"start":{"line":166,"column":8},"end":{"line":170,"column":10}},"57":{"start":{"line":174,"column":6},"end":{"line":189,"column":7}},"58":{"start":{"line":175,"column":8},"end":{"line":177,"column":10}},"59":{"start":{"line":178,"column":8},"end":{"line":178,"column":51}},"60":{"start":{"line":179,"column":13},"end":{"line":189,"column":7}},"61":{"start":{"line":181,"column":8},"end":{"line":183,"column":10}},"62":{"start":{"line":184,"column":8},"end":{"line":186,"column":9}},"63":{"start":{"line":185,"column":10},"end":{"line":185,"column":42}},"64":{"start":{"line":188,"column":8},"end":{"line":188,"column":66}},"65":{"start":{"line":191,"column":6},"end":{"line":195,"column":8}},"66":{"start":{"line":197,"column":6},"end":{"line":200,"column":8}},"67":{"start":{"line":201,"column":6},"end":{"line":205,"column":8}},"68":{"start":{"line":213,"column":4},"end":{"line":219,"column":5}},"69":{"start":{"line":214,"column":6},"end":{"line":214,"column":69}},"70":{"start":{"line":215,"column":6},"end":{"line":215,"column":64}},"71":{"start":{"line":218,"column":6},"end":{"line":218,"column":79}},"72":{"start":{"line":226,"column":4},"end":{"line":232,"column":5}},"73":{"start":{"line":227,"column":6},"end":{"line":227,"column":70}},"74":{"start":{"line":229,"column":6},"end":{"line":229,"column":64}},"75":{"start":{"line":231,"column":6},"end":{"line":231,"column":78}},"76":{"start":{"line":239,"column":4},"end":{"line":259,"column":5}},"77":{"start":{"line":240,"column":28},"end":{"line":240,"column":63}},"78":{"start":{"line":241,"column":25},"end":{"line":247,"column":8}},"79":{"start":{"line":249,"column":6},"end":{"line":256,"column":7}},"80":{"start":{"line":250,"column":8},"end":{"line":250,"column":62}},"81":{"start":{"line":251,"column":8},"end":{"line":251,"column":41}},"82":{"start":{"line":252,"column":8},"end":{"line":252,"column":76}},"83":{"start":{"line":254,"column":8},"end":{"line":254,"column":61}},"84":{"start":{"line":255,"column":8},"end":{"line":255,"column":77}},"85":{"start":{"line":258,"column":6},"end":{"line":258,"column":79}},"86":{"start":{"line":266,"column":4},"end":{"line":322,"column":5}},"87":{"start":{"line":267,"column":6},"end":{"line":272,"column":7}},"88":{"start":{"line":268,"column":8},"end":{"line":270,"column":10}},"89":{"start":{"line":271,"column":8},"end":{"line":271,"column":20}},"90":{"start":{"line":274,"column":28},"end":{"line":274,"column":63}},"91":{"start":{"line":277,"column":20},"end":{"line":279,"column":8}},"92":{"start":{"line":281,"column":26},"end":{"line":281,"column":36}},"93":{"start":{"line":282,"column":6},"end":{"line":282,"column":77}},"94":{"start":{"line":285,"column":23},"end":{"line":285,"column":39}},"95":{"start":{"line":286,"column":6},"end":{"line":293,"column":7}},"96":{"start":{"line":287,"column":8},"end":{"line":289,"column":10}},"97":{"start":{"line":291,"column":8},"end":{"line":291,"column":75}},"98":{"start":{"line":292,"column":8},"end":{"line":292,"column":27}},"99":{"start":{"line":296,"column":23},"end":{"line":301,"column":null}},"100":{"start":{"line":304,"column":6},"end":{"line":315,"column":7}},"101":{"start":{"line":305,"column":8},"end":{"line":305,"column":80}},"102":{"start":{"line":307,"column":8},"end":{"line":307,"column":75}},"103":{"start":{"line":308,"column":8},"end":{"line":308,"column":27}},"104":{"start":{"line":310,"column":8},"end":{"line":313,"column":10}},"105":{"start":{"line":314,"column":8},"end":{"line":314,"column":20}},"106":{"start":{"line":317,"column":6},"end":{"line":320,"column":8}},"107":{"start":{"line":321,"column":6},"end":{"line":321,"column":18}},"108":{"start":{"line":329,"column":4},"end":{"line":362,"column":5}},"109":{"start":{"line":330,"column":28},"end":{"line":330,"column":63}},"110":{"start":{"line":332,"column":6},"end":{"line":336,"column":11}},"111":{"start":{"line":334,"column":10},"end":{"line":334,"column":78}},"112":{"start":{"line":335,"column":10},"end":{"line":335,"column":76}},"113":{"start":{"line":339,"column":6},"end":{"line":346,"column":11}},"114":{"start":{"line":341,"column":10},"end":{"line":344,"column":12}},"115":{"start":{"line":350,"column":8},"end":{"line":350,"column":62}},"116":{"start":{"line":351,"column":6},"end":{"line":359,"column":7}},"117":{"start":{"line":352,"column":8},"end":{"line":355,"column":10}},"118":{"start":{"line":356,"column":8},"end":{"line":358,"column":10}},"119":{"start":{"line":361,"column":6},"end":{"line":361,"column":77}},"120":{"start":{"line":369,"column":4},"end":{"line":386,"column":5}},"121":{"start":{"line":370,"column":22},"end":{"line":370,"column":69}},"122":{"start":{"line":371,"column":31},"end":{"line":371,"column":43}},"123":{"start":{"line":373,"column":6},"end":{"line":376,"column":9}},"124":{"start":{"line":378,"column":6},"end":{"line":380,"column":7}},"125":{"start":{"line":379,"column":8},"end":{"line":379,"column":57}},"126":{"start":{"line":382,"column":6},"end":{"line":385,"column":8}},"127":{"start":{"line":393,"column":4},"end":{"line":393,"column":63}},"128":{"start":{"line":396,"column":4},"end":{"line":398,"column":5}},"129":{"start":{"line":397,"column":6},"end":{"line":397,"column":51}},"130":{"start":{"line":405,"column":4},"end":{"line":427,"column":5}},"131":{"start":{"line":406,"column":6},"end":{"line":411,"column":7}},"132":{"start":{"line":407,"column":8},"end":{"line":409,"column":10}},"133":{"start":{"line":410,"column":8},"end":{"line":410,"column":15}},"134":{"start":{"line":414,"column":26},"end":{"line":414,"column":79}},"135":{"start":{"line":415,"column":6},"end":{"line":421,"column":7}},"136":{"start":{"line":417,"column":8},"end":{"line":417,"column":41}},"137":{"start":{"line":420,"column":8},"end":{"line":420,"column":55}},"138":{"start":{"line":423,"column":6},"end":{"line":426,"column":8}},"139":{"start":{"line":434,"column":4},"end":{"line":448,"column":5}},"140":{"start":{"line":435,"column":23},"end":{"line":440,"column":null}},"141":{"start":{"line":443,"column":6},"end":{"line":445,"column":7}},"142":{"start":{"line":444,"column":8},"end":{"line":444,"column":73}},"143":{"start":{"line":447,"column":6},"end":{"line":447,"column":73}},"144":{"start":{"line":455,"column":4},"end":{"line":489,"column":5}},"145":{"start":{"line":456,"column":20},"end":{"line":456,"column":73}},"146":{"start":{"line":457,"column":6},"end":{"line":460,"column":7}},"147":{"start":{"line":458,"column":8},"end":{"line":458,"column":66}},"148":{"start":{"line":459,"column":8},"end":{"line":459,"column":15}},"149":{"start":{"line":462,"column":6},"end":{"line":480,"column":7}},"150":{"start":{"line":463,"column":25},"end":{"line":467,"column":null}},"151":{"start":{"line":470,"column":8},"end":{"line":472,"column":9}},"152":{"start":{"line":471,"column":10},"end":{"line":471,"column":77}},"153":{"start":{"line":475,"column":8},"end":{"line":479,"column":9}},"154":{"start":{"line":476,"column":10},"end":{"line":476,"column":72}},"155":{"start":{"line":478,"column":10},"end":{"line":478,"column":22}},"156":{"start":{"line":483,"column":6},"end":{"line":486,"column":9}},"157":{"start":{"line":488,"column":6},"end":{"line":488,"column":77}},"158":{"start":{"line":496,"column":4},"end":{"line":496,"column":59}},"159":{"start":{"line":503,"column":19},"end":{"line":503,"column":66}},"160":{"start":{"line":504,"column":4},"end":{"line":508,"column":6}},"161":{"start":{"line":515,"column":4},"end":{"line":515,"column":59}},"162":{"start":{"line":522,"column":4},"end":{"line":530,"column":5}},"163":{"start":{"line":523,"column":6},"end":{"line":523,"column":50}},"164":{"start":{"line":524,"column":6},"end":{"line":524,"column":67}},"165":{"start":{"line":526,"column":6},"end":{"line":529,"column":8}},"166":{"start":{"line":537,"column":4},"end":{"line":541,"column":5}},"167":{"start":{"line":538,"column":6},"end":{"line":538,"column":38}},"168":{"start":{"line":540,"column":6},"end":{"line":540,"column":65}},"169":{"start":{"line":548,"column":4},"end":{"line":551,"column":5}},"170":{"start":{"line":549,"column":6},"end":{"line":549,"column":41}},"171":{"start":{"line":550,"column":6},"end":{"line":550,"column":39}},"172":{"start":{"line":552,"column":4},"end":{"line":555,"column":5}},"173":{"start":{"line":553,"column":6},"end":{"line":553,"column":45}},"174":{"start":{"line":554,"column":6},"end":{"line":554,"column":43}},"175":{"start":{"line":560,"column":13},"end":{"line":560,"column":70}},"176":{"start":{"line":562,"column":13},"end":{"line":603,"column":2}},"177":{"start":{"line":564,"column":21},"end":{"line":564,"column":74}},"178":{"start":{"line":565,"column":17},"end":{"line":565,"column":30}},"179":{"start":{"line":566,"column":4},"end":{"line":566,"column":41}},"180":{"start":{"line":566,"column":29},"end":{"line":566,"column":41}},"181":{"start":{"line":567,"column":4},"end":{"line":567,"column":77}},"182":{"start":{"line":567,"column":51},"end":{"line":567,"column":77}},"183":{"start":{"line":568,"column":4},"end":{"line":568,"column":14}},"184":{"start":{"line":572,"column":4},"end":{"line":572,"column":69}},"185":{"start":{"line":576,"column":4},"end":{"line":576,"column":69}},"186":{"start":{"line":581,"column":4},"end":{"line":581,"column":48}},"187":{"start":{"line":585,"column":4},"end":{"line":585,"column":57}},"188":{"start":{"line":589,"column":4},"end":{"line":589,"column":61}},"189":{"start":{"line":593,"column":4},"end":{"line":593,"column":53}},"190":{"start":{"line":597,"column":4},"end":{"line":597,"column":52}},"191":{"start":{"line":601,"column":4},"end":{"line":601,"column":38}}},"fnMap":{"0":{"name":"(anonymous_10)","decl":{"start":{"line":41,"column":10},"end":{"line":41,"column":25}},"loc":{"start":{"line":41,"column":25},"end":{"line":43,"column":3}}},"1":{"name":"(anonymous_11)","decl":{"start":{"line":45,"column":10},"end":{"line":45,"column":15}},"loc":{"start":{"line":45,"column":38},"end":{"line":50,"column":3}}},"2":{"name":"(anonymous_12)","decl":{"start":{"line":47,"column":33},"end":{"line":47,"column":46}},"loc":{"start":{"line":47,"column":33},"end":{"line":47,"column":67}}},"3":{"name":"(anonymous_13)","decl":{"start":{"line":55,"column":2},"end":{"line":55,"column":25}},"loc":{"start":{"line":55,"column":68},"end":{"line":57,"column":3}}},"4":{"name":"(anonymous_14)","decl":{"start":{"line":62,"column":10},"end":{"line":62,"column":15}},"loc":{"start":{"line":62,"column":43},"end":{"line":79,"column":3}}},"5":{"name":"(anonymous_15)","decl":{"start":{"line":84,"column":2},"end":{"line":84,"column":7}},"loc":{"start":{"line":84,"column":18},"end":{"line":128,"column":3}}},"6":{"name":"(anonymous_16)","decl":{"start":{"line":108,"column":28},"end":{"line":108,"column":33}},"loc":{"start":{"line":108,"column":41},"end":{"line":114,"column":10}}},"7":{"name":"(anonymous_17)","decl":{"start":{"line":133,"column":10},"end":{"line":133,"column":15}},"loc":{"start":{"line":133,"column":41},"end":{"line":207,"column":3}}},"8":{"name":"(anonymous_18)","decl":{"start":{"line":212,"column":2},"end":{"line":212,"column":7}},"loc":{"start":{"line":212,"column":35},"end":{"line":220,"column":3}}},"9":{"name":"(anonymous_19)","decl":{"start":{"line":225,"column":2},"end":{"line":225,"column":7}},"loc":{"start":{"line":225,"column":34},"end":{"line":233,"column":3}}},"10":{"name":"(anonymous_20)","decl":{"start":{"line":238,"column":10},"end":{"line":238,"column":15}},"loc":{"start":{"line":238,"column":45},"end":{"line":260,"column":3}}},"11":{"name":"(anonymous_21)","decl":{"start":{"line":265,"column":2},"end":{"line":265,"column":7}},"loc":{"start":{"line":265,"column":27},"end":{"line":323,"column":3}}},"12":{"name":"(anonymous_22)","decl":{"start":{"line":328,"column":10},"end":{"line":328,"column":15}},"loc":{"start":{"line":328,"column":41},"end":{"line":363,"column":3}}},"13":{"name":"(anonymous_23)","decl":{"start":{"line":333,"column":62},"end":{"line":333,"column":63}},"loc":{"start":{"line":333,"column":75},"end":{"line":336,"column":9}}},"14":{"name":"(anonymous_24)","decl":{"start":{"line":340,"column":54},"end":{"line":340,"column":55}},"loc":{"start":{"line":340,"column":71},"end":{"line":346,"column":9}}},"15":{"name":"(anonymous_25)","decl":{"start":{"line":368,"column":10},"end":{"line":368,"column":31}},"loc":{"start":{"line":368,"column":60},"end":{"line":387,"column":3}}},"16":{"name":"(anonymous_26)","decl":{"start":{"line":392,"column":10},"end":{"line":392,"column":26}},"loc":{"start":{"line":392,"column":70},"end":{"line":399,"column":3}}},"17":{"name":"(anonymous_27)","decl":{"start":{"line":404,"column":2},"end":{"line":404,"column":7}},"loc":{"start":{"line":404,"column":31},"end":{"line":428,"column":3}}},"18":{"name":"(anonymous_28)","decl":{"start":{"line":433,"column":10},"end":{"line":433,"column":15}},"loc":{"start":{"line":433,"column":52},"end":{"line":449,"column":3}}},"19":{"name":"(anonymous_29)","decl":{"start":{"line":454,"column":2},"end":{"line":454,"column":7}},"loc":{"start":{"line":454,"column":23},"end":{"line":490,"column":3}}},"20":{"name":"(anonymous_30)","decl":{"start":{"line":495,"column":2},"end":{"line":495,"column":7}},"loc":{"start":{"line":495,"column":22},"end":{"line":497,"column":3}}},"21":{"name":"(anonymous_31)","decl":{"start":{"line":502,"column":2},"end":{"line":502,"column":7}},"loc":{"start":{"line":502,"column":27},"end":{"line":509,"column":3}}},"22":{"name":"(anonymous_32)","decl":{"start":{"line":514,"column":2},"end":{"line":514,"column":7}},"loc":{"start":{"line":514,"column":33},"end":{"line":516,"column":3}}},"23":{"name":"(anonymous_33)","decl":{"start":{"line":521,"column":2},"end":{"line":521,"column":7}},"loc":{"start":{"line":521,"column":31},"end":{"line":531,"column":3}}},"24":{"name":"(anonymous_34)","decl":{"start":{"line":536,"column":2},"end":{"line":536,"column":21}},"loc":{"start":{"line":536,"column":21},"end":{"line":542,"column":3}}},"25":{"name":"(anonymous_35)","decl":{"start":{"line":547,"column":2},"end":{"line":547,"column":9}},"loc":{"start":{"line":547,"column":9},"end":{"line":556,"column":3}}},"26":{"name":"(anonymous_36)","decl":{"start":{"line":563,"column":20},"end":{"line":563,"column":25}},"loc":{"start":{"line":563,"column":56},"end":{"line":569,"column":3}}},"27":{"name":"(anonymous_37)","decl":{"start":{"line":571,"column":14},"end":{"line":571,"column":19}},"loc":{"start":{"line":571,"column":50},"end":{"line":573,"column":3}}},"28":{"name":"(anonymous_38)","decl":{"start":{"line":575,"column":17},"end":{"line":575,"column":22}},"loc":{"start":{"line":575,"column":43},"end":{"line":577,"column":3}}},"29":{"name":"(anonymous_39)","decl":{"start":{"line":580,"column":31},"end":{"line":580,"column":36}},"loc":{"start":{"line":580,"column":42},"end":{"line":582,"column":3}}},"30":{"name":"(anonymous_40)","decl":{"start":{"line":584,"column":23},"end":{"line":584,"column":28}},"loc":{"start":{"line":584,"column":34},"end":{"line":586,"column":3}}},"31":{"name":"(anonymous_41)","decl":{"start":{"line":588,"column":27},"end":{"line":588,"column":32}},"loc":{"start":{"line":588,"column":38},"end":{"line":590,"column":3}}},"32":{"name":"(anonymous_42)","decl":{"start":{"line":592,"column":19},"end":{"line":592,"column":24}},"loc":{"start":{"line":592,"column":30},"end":{"line":594,"column":3}}},"33":{"name":"(anonymous_43)","decl":{"start":{"line":596,"column":18},"end":{"line":596,"column":23}},"loc":{"start":{"line":596,"column":29},"end":{"line":598,"column":3}}},"34":{"name":"(anonymous_44)","decl":{"start":{"line":600,"column":11},"end":{"line":600,"column":14}},"loc":{"start":{"line":600,"column":16},"end":{"line":602,"column":3}}}},"branchMap":{"0":{"loc":{"start":{"line":42,"column":11},"end":{"line":42,"column":73}},"type":"binary-expr","locations":[{"start":{"line":42,"column":11},"end":{"line":42,"column":44}},{"start":{"line":42,"column":48},"end":{"line":42,"column":73}}]},"1":{"loc":{"start":{"line":46,"column":4},"end":{"line":48,"column":5}},"type":"if","locations":[{"start":{"line":46,"column":4},"end":{"line":48,"column":5}},{"start":{},"end":{}}]},"2":{"loc":{"start":{"line":85,"column":4},"end":{"line":85,"column":33}},"type":"if","locations":[{"start":{"line":85,"column":4},"end":{"line":85,"column":33}},{"start":{},"end":{}}]},"3":{"loc":{"start":{"line":87,"column":4},"end":{"line":93,"column":5}},"type":"if","locations":[{"start":{"line":87,"column":4},"end":{"line":93,"column":5}},{"start":{},"end":{}}]},"4":{"loc":{"start":{"line":138,"column":6},"end":{"line":150,"column":7}},"type":"if","locations":[{"start":{"line":138,"column":6},"end":{"line":150,"column":7}},{"start":{},"end":{}}]},"5":{"loc":{"start":{"line":164,"column":6},"end":{"line":171,"column":7}},"type":"if","locations":[{"start":{"line":164,"column":6},"end":{"line":171,"column":7}},{"start":{},"end":{}}]},"6":{"loc":{"start":{"line":174,"column":6},"end":{"line":189,"column":7}},"type":"if","locations":[{"start":{"line":174,"column":6},"end":{"line":189,"column":7}},{"start":{"line":179,"column":13},"end":{"line":189,"column":7}}]},"7":{"loc":{"start":{"line":179,"column":13},"end":{"line":189,"column":7}},"type":"if","locations":[{"start":{"line":179,"column":13},"end":{"line":189,"column":7}},{"start":{},"end":{}}]},"8":{"loc":{"start":{"line":184,"column":8},"end":{"line":186,"column":9}},"type":"if","locations":[{"start":{"line":184,"column":8},"end":{"line":186,"column":9}},{"start":{},"end":{}}]},"9":{"loc":{"start":{"line":249,"column":6},"end":{"line":256,"column":7}},"type":"if","locations":[{"start":{"line":249,"column":6},"end":{"line":256,"column":7}},{"start":{"line":253,"column":13},"end":{"line":256,"column":7}}]},"10":{"loc":{"start":{"line":267,"column":6},"end":{"line":272,"column":7}},"type":"if","locations":[{"start":{"line":267,"column":6},"end":{"line":272,"column":7}},{"start":{},"end":{}}]},"11":{"loc":{"start":{"line":278,"column":19},"end":{"line":278,"column":66}},"type":"binary-expr","locations":[{"start":{"line":278,"column":19},"end":{"line":278,"column":53}},{"start":{"line":278,"column":57},"end":{"line":278,"column":66}}]},"12":{"loc":{"start":{"line":286,"column":6},"end":{"line":293,"column":7}},"type":"if","locations":[{"start":{"line":286,"column":6},"end":{"line":293,"column":7}},{"start":{},"end":{}}]},"13":{"loc":{"start":{"line":300,"column":20},"end":{"line":300,"column":61}},"type":"cond-expr","locations":[{"start":{"line":300,"column":44},"end":{"line":300,"column":49}},{"start":{"line":300,"column":52},"end":{"line":300,"column":61}}]},"14":{"loc":{"start":{"line":304,"column":6},"end":{"line":315,"column":7}},"type":"if","locations":[{"start":{"line":304,"column":6},"end":{"line":315,"column":7}},{"start":{"line":309,"column":13},"end":{"line":315,"column":7}}]},"15":{"loc":{"start":{"line":304,"column":10},"end":{"line":304,"column":60}},"type":"binary-expr","locations":[{"start":{"line":304,"column":10},"end":{"line":304,"column":33}},{"start":{"line":304,"column":37},"end":{"line":304,"column":60}}]},"16":{"loc":{"start":{"line":351,"column":6},"end":{"line":359,"column":7}},"type":"if","locations":[{"start":{"line":351,"column":6},"end":{"line":359,"column":7}},{"start":{},"end":{}}]},"17":{"loc":{"start":{"line":370,"column":22},"end":{"line":370,"column":69}},"type":"binary-expr","locations":[{"start":{"line":370,"column":22},"end":{"line":370,"column":43}},{"start":{"line":370,"column":47},"end":{"line":370,"column":69}}]},"18":{"loc":{"start":{"line":378,"column":6},"end":{"line":380,"column":7}},"type":"if","locations":[{"start":{"line":378,"column":6},"end":{"line":380,"column":7}},{"start":{},"end":{}}]},"19":{"loc":{"start":{"line":396,"column":4},"end":{"line":398,"column":5}},"type":"if","locations":[{"start":{"line":396,"column":4},"end":{"line":398,"column":5}},{"start":{},"end":{}}]},"20":{"loc":{"start":{"line":406,"column":6},"end":{"line":411,"column":7}},"type":"if","locations":[{"start":{"line":406,"column":6},"end":{"line":411,"column":7}},{"start":{},"end":{}}]},"21":{"loc":{"start":{"line":415,"column":6},"end":{"line":421,"column":7}},"type":"if","locations":[{"start":{"line":415,"column":6},"end":{"line":421,"column":7}},{"start":{"line":418,"column":13},"end":{"line":421,"column":7}}]},"22":{"loc":{"start":{"line":439,"column":20},"end":{"line":439,"column":61}},"type":"cond-expr","locations":[{"start":{"line":439,"column":44},"end":{"line":439,"column":49}},{"start":{"line":439,"column":52},"end":{"line":439,"column":61}}]},"23":{"loc":{"start":{"line":443,"column":6},"end":{"line":445,"column":7}},"type":"if","locations":[{"start":{"line":443,"column":6},"end":{"line":445,"column":7}},{"start":{},"end":{}}]},"24":{"loc":{"start":{"line":443,"column":10},"end":{"line":443,"column":60}},"type":"binary-expr","locations":[{"start":{"line":443,"column":10},"end":{"line":443,"column":33}},{"start":{"line":443,"column":37},"end":{"line":443,"column":60}}]},"25":{"loc":{"start":{"line":457,"column":6},"end":{"line":460,"column":7}},"type":"if","locations":[{"start":{"line":457,"column":6},"end":{"line":460,"column":7}},{"start":{},"end":{}}]},"26":{"loc":{"start":{"line":470,"column":8},"end":{"line":472,"column":9}},"type":"if","locations":[{"start":{"line":470,"column":8},"end":{"line":472,"column":9}},{"start":{},"end":{}}]},"27":{"loc":{"start":{"line":475,"column":8},"end":{"line":479,"column":9}},"type":"if","locations":[{"start":{"line":475,"column":8},"end":{"line":479,"column":9}},{"start":{"line":477,"column":15},"end":{"line":479,"column":9}}]},"28":{"loc":{"start":{"line":537,"column":4},"end":{"line":541,"column":5}},"type":"if","locations":[{"start":{"line":537,"column":4},"end":{"line":541,"column":5}},{"start":{"line":539,"column":11},"end":{"line":541,"column":5}}]},"29":{"loc":{"start":{"line":548,"column":4},"end":{"line":551,"column":5}},"type":"if","locations":[{"start":{"line":548,"column":4},"end":{"line":551,"column":5}},{"start":{},"end":{}}]},"30":{"loc":{"start":{"line":552,"column":4},"end":{"line":555,"column":5}},"type":"if","locations":[{"start":{"line":552,"column":4},"end":{"line":555,"column":5}},{"start":{},"end":{}}]},"31":{"loc":{"start":{"line":566,"column":4},"end":{"line":566,"column":41}},"type":"if","locations":[{"start":{"line":566,"column":4},"end":{"line":566,"column":41}},{"start":{},"end":{}}]},"32":{"loc":{"start":{"line":567,"column":4},"end":{"line":567,"column":77}},"type":"if","locations":[{"start":{"line":567,"column":4},"end":{"line":567,"column":77}},{"start":{},"end":{}}]},"33":{"loc":{"start":{"line":567,"column":8},"end":{"line":567,"column":49}},"type":"binary-expr","locations":[{"start":{"line":567,"column":8},"end":{"line":567,"column":12}},{"start":{"line":567,"column":16},"end":{"line":567,"column":49}}]}},"s":{"0":0,"1":0,"2":0,"3":0,"4":0,"5":0,"6":0,"7":0,"8":0,"9":0,"10":0,"11":0,"12":0,"13":0,"14":0,"15":0,"16":0,"17":0,"18":0,"19":0,"20":0,"21":0,"22":0,"23":0,"24":0,"25":0,"26":0,"27":0,"28":0,"29":0,"30":0,"31":0,"32":0,"33":0,"34":0,"35":0,"36":0,"37":0,"38":0,"39":0,"40":0,"41":0,"42":0,"43":0,"44":0,"45":0,"46":0,"47":0,"48":0,"49":0,"50":0,"51":0,"52":0,"53":0,"54":0,"55":0,"56":0,"57":0,"58":0,"59":0,"60":0,"61":0,"62":0,"63":0,"64":0,"65":0,"66":0,"67":0,"68":0,"69":0,"70":0,"71":0,"72":0,"73":0,"74":0,"75":0,"76":0,"77":0,"78":0,"79":0,"80":0,"81":0,"82":0,"83":0,"84":0,"85":0,"86":0,"87":0,"88":0,"89":0,"90":0,"91":0,"92":0,"93":0,"94":0,"95":0,"96":0,"97":0,"98":0,"99":0,"100":0,"101":0,"102":0,"103":0,"104":0,"105":0,"106":0,"107":0,"108":0,"109":0,"110":0,"111":0,"112":0,"113":0,"114":0,"115":0,"116":0,"117":0,"118":0,"119":0,"120":0,"121":0,"122":0,"123":0,"124":0,"125":0,"126":0,"127":0,"128":0,"129":0,"130":0,"131":0,"132":0,"133":0,"134":0,"135":0,"136":0,"137":0,"138":0,"139":0,"140":0,"141":0,"142":0,"143":0,"144":0,"145":0,"146":0,"147":0,"148":0,"149":0,"150":0,"151":0,"152":0,"153":0,"154":0,"155":0,"156":0,"157":0,"158":0,"159":0,"160":0,"161":0,"162":0,"163":0,"164":0,"165":0,"166":0,"167":0,"168":0,"169":0,"170":0,"171":0,"172":0,"173":0,"174":0,"175":0,"176":0,"177":0,"178":0,"179":0,"180":0,"181":0,"182":0,"183":0,"184":0,"185":0,"186":0,"187":0,"188":0,"189":0,"190":0,"191":0},"f":{"0":0,"1":0,"2":0,"3":0,"4":0,"5":0,"6":0,"7":0,"8":0,"9":0,"10":0,"11":0,"12":0,"13":0,"14":0,"15":0,"16":0,"17":0,"18":0,"19":0,"20":0,"21":0,"22":0,"23":0,"24":0,"25":0,"26":0,"27":0,"28":0,"29":0,"30":0,"31":0,"32":0,"33":0,"34":0},"b":{"0":[0,0],"1":[0,0],"2":[0,0],"3":[0,0],"4":[0,0],"5":[0,0],"6":[0,0],"7":[0,0],"8":[0,0],"9":[0,0],"10":[0,0],"11":[0,0],"12":[0,0],"13":[0,0],"14":[0,0],"15":[0,0],"16":[0,0],"17":[0,0],"18":[0,0],"19":[0,0],"20":[0,0],"21":[0,0],"22":[0,0],"23":[0,0],"24":[0,0],"25":[0,0],"26":[0,0],"27":[0,0],"28":[0,0],"29":[0,0],"30":[0,0],"31":[0,0],"32":[0,0],"33":[0,0]}}
,"/Users/user/Desktop/tawreed/tawreedApp/src/services/order.service.ts": {"path":"/Users/user/Desktop/tawreed/tawreedApp/src/services/order.service.ts","statementMap":{"0":{"start":{"line":1,"column":0},"end":{"line":1,"column":66}},"1":{"start":{"line":9,"column":0},"end":{"line":9,"column":30}},"2":{"start":{"line":17,"column":2},"end":{"line":17,"column":30}},"3":{"start":{"line":17,"column":13},"end":{"line":17,"column":30}},"4":{"start":{"line":18,"column":2},"end":{"line":18,"column":43}},"5":{"start":{"line":18,"column":31},"end":{"line":18,"column":43}},"6":{"start":{"line":19,"column":2},"end":{"line":19,"column":34}},"7":{"start":{"line":24,"column":2},"end":{"line":36,"column":4}},"8":{"start":{"line":41,"column":16},"end":{"line":41,"column":39}},"9":{"start":{"line":42,"column":2},"end":{"line":52,"column":4}},"10":{"start":{"line":57,"column":15},"end":{"line":57,"column":28}},"11":{"start":{"line":58,"column":2},"end":{"line":66,"column":4}},"12":{"start":{"line":69,"column":13},"end":{"line":120,"column":2}},"13":{"start":{"line":71,"column":21},"end":{"line":72,"column":null}},"14":{"start":{"line":74,"column":4},"end":{"line":74,"column":37}},"15":{"start":{"line":78,"column":21},"end":{"line":79,"column":null}},"16":{"start":{"line":81,"column":4},"end":{"line":81,"column":37}},"17":{"start":{"line":85,"column":21},"end":{"line":85,"column":78}},"18":{"start":{"line":87,"column":16},"end":{"line":87,"column":34}},"19":{"start":{"line":88,"column":4},"end":{"line":88,"column":31}},"20":{"start":{"line":92,"column":4},"end":{"line":92,"column":70}},"21":{"start":{"line":93,"column":4},"end":{"line":107,"column":5}},"22":{"start":{"line":94,"column":23},"end":{"line":96,"column":null}},"23":{"start":{"line":98,"column":6},"end":{"line":98,"column":54}},"24":{"start":{"line":99,"column":6},"end":{"line":99,"column":34}},"25":{"start":{"line":101,"column":6},"end":{"line":105,"column":8}},"26":{"start":{"line":106,"column":6},"end":{"line":106,"column":18}},"27":{"start":{"line":114,"column":21},"end":{"line":116,"column":null}},"28":{"start":{"line":118,"column":4},"end":{"line":118,"column":32}}},"fnMap":{"0":{"name":"fullImageUrl","decl":{"start":{"line":16,"column":9},"end":{"line":16,"column":21}},"loc":{"start":{"line":16,"column":53},"end":{"line":20,"column":1}}},"1":{"name":"mapItem","decl":{"start":{"line":23,"column":9},"end":{"line":23,"column":16}},"loc":{"start":{"line":23,"column":25},"end":{"line":37,"column":1}}},"2":{"name":"mapOrder","decl":{"start":{"line":40,"column":9},"end":{"line":40,"column":17}},"loc":{"start":{"line":40,"column":26},"end":{"line":53,"column":1}}},"3":{"name":"mapOrderDetail","decl":{"start":{"line":56,"column":9},"end":{"line":56,"column":23}},"loc":{"start":{"line":56,"column":32},"end":{"line":67,"column":1}}},"4":{"name":"(anonymous_5)","decl":{"start":{"line":70,"column":13},"end":{"line":70,"column":18}},"loc":{"start":{"line":70,"column":42},"end":{"line":75,"column":3}}},"5":{"name":"(anonymous_6)","decl":{"start":{"line":77,"column":19},"end":{"line":77,"column":24}},"loc":{"start":{"line":77,"column":48},"end":{"line":82,"column":3}}},"6":{"name":"(anonymous_7)","decl":{"start":{"line":84,"column":18},"end":{"line":84,"column":23}},"loc":{"start":{"line":84,"column":61},"end":{"line":89,"column":3}}},"7":{"name":"(anonymous_8)","decl":{"start":{"line":91,"column":15},"end":{"line":91,"column":20}},"loc":{"start":{"line":91,"column":75},"end":{"line":108,"column":3}}},"8":{"name":"(anonymous_9)","decl":{"start":{"line":110,"column":15},"end":{"line":110,"column":20}},"loc":{"start":{"line":113,"column":28},"end":{"line":119,"column":3}}}},"branchMap":{"0":{"loc":{"start":{"line":17,"column":2},"end":{"line":17,"column":30}},"type":"if","locations":[{"start":{"line":17,"column":2},"end":{"line":17,"column":30}},{"start":{},"end":{}}]},"1":{"loc":{"start":{"line":18,"column":2},"end":{"line":18,"column":43}},"type":"if","locations":[{"start":{"line":18,"column":2},"end":{"line":18,"column":43}},{"start":{},"end":{}}]},"2":{"loc":{"start":{"line":26,"column":15},"end":{"line":26,"column":34}},"type":"binary-expr","locations":[{"start":{"line":26,"column":15},"end":{"line":26,"column":28}},{"start":{"line":26,"column":32},"end":{"line":26,"column":34}}]},"3":{"loc":{"start":{"line":27,"column":17},"end":{"line":27,"column":59}},"type":"binary-expr","locations":[{"start":{"line":27,"column":17},"end":{"line":27,"column":32}},{"start":{"line":27,"column":36},"end":{"line":27,"column":53}},{"start":{"line":27,"column":57},"end":{"line":27,"column":59}}]},"4":{"loc":{"start":{"line":28,"column":31},"end":{"line":28,"column":69}},"type":"binary-expr","locations":[{"start":{"line":28,"column":31},"end":{"line":28,"column":47}},{"start":{"line":28,"column":51},"end":{"line":28,"column":69}}]},"5":{"loc":{"start":{"line":29,"column":11},"end":{"line":29,"column":45}},"type":"binary-expr","locations":[{"start":{"line":29,"column":11},"end":{"line":29,"column":27}},{"start":{"line":29,"column":31},"end":{"line":29,"column":40}},{"start":{"line":29,"column":44},"end":{"line":29,"column":45}}]},"6":{"loc":{"start":{"line":30,"column":14},"end":{"line":30,"column":31}},"type":"binary-expr","locations":[{"start":{"line":30,"column":14},"end":{"line":30,"column":26}},{"start":{"line":30,"column":30},"end":{"line":30,"column":31}}]},"7":{"loc":{"start":{"line":31,"column":10},"end":{"line":31,"column":24}},"type":"binary-expr","locations":[{"start":{"line":31,"column":10},"end":{"line":31,"column":18}},{"start":{"line":31,"column":22},"end":{"line":31,"column":24}}]},"8":{"loc":{"start":{"line":32,"column":14},"end":{"line":32,"column":49}},"type":"binary-expr","locations":[{"start":{"line":32,"column":14},"end":{"line":32,"column":28}},{"start":{"line":32,"column":32},"end":{"line":32,"column":44}},{"start":{"line":32,"column":48},"end":{"line":32,"column":49}}]},"9":{"loc":{"start":{"line":44,"column":17},"end":{"line":44,"column":42}},"type":"binary-expr","locations":[{"start":{"line":44,"column":17},"end":{"line":44,"column":32}},{"start":{"line":44,"column":36},"end":{"line":44,"column":42}}]},"10":{"loc":{"start":{"line":46,"column":11},"end":{"line":46,"column":43}},"type":"binary-expr","locations":[{"start":{"line":46,"column":11},"end":{"line":46,"column":25}},{"start":{"line":46,"column":29},"end":{"line":46,"column":38}},{"start":{"line":46,"column":42},"end":{"line":46,"column":43}}]},"11":{"loc":{"start":{"line":47,"column":15},"end":{"line":47,"column":50}},"type":"binary-expr","locations":[{"start":{"line":47,"column":15},"end":{"line":47,"column":28}},{"start":{"line":47,"column":32},"end":{"line":47,"column":45}},{"start":{"line":47,"column":49},"end":{"line":47,"column":50}}]},"12":{"loc":{"start":{"line":60,"column":11},"end":{"line":60,"column":27}},"type":"binary-expr","locations":[{"start":{"line":60,"column":11},"end":{"line":60,"column":21}},{"start":{"line":60,"column":25},"end":{"line":60,"column":27}}]},"13":{"loc":{"start":{"line":61,"column":21},"end":{"line":61,"column":69}},"type":"binary-expr","locations":[{"start":{"line":61,"column":21},"end":{"line":61,"column":40}},{"start":{"line":61,"column":44},"end":{"line":61,"column":63}},{"start":{"line":61,"column":67},"end":{"line":61,"column":69}}]},"14":{"loc":{"start":{"line":62,"column":10},"end":{"line":62,"column":44}},"type":"binary-expr","locations":[{"start":{"line":62,"column":10},"end":{"line":62,"column":26}},{"start":{"line":62,"column":30},"end":{"line":62,"column":38}},{"start":{"line":62,"column":42},"end":{"line":62,"column":44}}]},"15":{"loc":{"start":{"line":63,"column":11},"end":{"line":63,"column":38}},"type":"binary-expr","locations":[{"start":{"line":63,"column":11},"end":{"line":63,"column":25}},{"start":{"line":63,"column":29},"end":{"line":63,"column":38}}]},"16":{"loc":{"start":{"line":64,"column":15},"end":{"line":64,"column":45}},"type":"binary-expr","locations":[{"start":{"line":64,"column":15},"end":{"line":64,"column":28}},{"start":{"line":64,"column":32},"end":{"line":64,"column":45}}]},"17":{"loc":{"start":{"line":87,"column":16},"end":{"line":87,"column":34}},"type":"binary-expr","locations":[{"start":{"line":87,"column":16},"end":{"line":87,"column":26}},{"start":{"line":87,"column":30},"end":{"line":87,"column":34}}]},"18":{"loc":{"start":{"line":104,"column":8},"end":{"line":104,"column":45}},"type":"binary-expr","locations":[{"start":{"line":104,"column":8},"end":{"line":104,"column":28}},{"start":{"line":104,"column":32},"end":{"line":104,"column":45}}]}},"s":{"0":0,"1":0,"2":0,"3":0,"4":0,"5":0,"6":0,"7":0,"8":0,"9":0,"10":0,"11":0,"12":0,"13":0,"14":0,"15":0,"16":0,"17":0,"18":0,"19":0,"20":0,"21":0,"22":0,"23":0,"24":0,"25":0,"26":0,"27":0,"28":0},"f":{"0":0,"1":0,"2":0,"3":0,"4":0,"5":0,"6":0,"7":0,"8":0},"b":{"0":[0,0],"1":[0,0],"2":[0,0],"3":[0,0,0],"4":[0,0],"5":[0,0,0],"6":[0,0],"7":[0,0],"8":[0,0,0],"9":[0,0],"10":[0,0,0],"11":[0,0,0],"12":[0,0],"13":[0,0,0],"14":[0,0,0],"15":[0,0],"16":[0,0],"17":[0,0],"18":[0,0]}}
,"/Users/user/Desktop/tawreed/tawreedApp/src/services/product.service.ts": {"path":"/Users/user/Desktop/tawreed/tawreedApp/src/services/product.service.ts","statementMap":{"0":{"start":{"line":13,"column":0},"end":{"line":13,"column":16}},"1":{"start":{"line":1,"column":0},"end":{"line":1,"column":66}},"2":{"start":{"line":10,"column":0},"end":{"line":10,"column":30}},"3":{"start":{"line":15,"column":4},"end":{"line":15,"column":64}},"4":{"start":{"line":18,"column":27},"end":{"line":18,"column":29}},"5":{"start":{"line":19,"column":2},"end":{"line":24,"column":3}},"6":{"start":{"line":20,"column":21},"end":{"line":22,"column":37}},"7":{"start":{"line":23,"column":4},"end":{"line":23,"column":26}},"8":{"start":{"line":25,"column":2},"end":{"line":29,"column":3}},"9":{"start":{"line":26,"column":4},"end":{"line":28,"column":5}},"10":{"start":{"line":27,"column":6},"end":{"line":27,"column":74}},"11":{"start":{"line":31,"column":2},"end":{"line":61,"column":4}},"12":{"start":{"line":49,"column":27},"end":{"line":59,"column":8}},"13":{"start":{"line":64,"column":13},"end":{"line":107,"column":2}},"14":{"start":{"line":66,"column":62},"end":{"line":66,"column":64}},"15":{"start":{"line":67,"column":4},"end":{"line":67,"column":56}},"16":{"start":{"line":67,"column":25},"end":{"line":67,"column":56}},"17":{"start":{"line":68,"column":4},"end":{"line":68,"column":68}},"18":{"start":{"line":68,"column":29},"end":{"line":68,"column":68}},"19":{"start":{"line":69,"column":4},"end":{"line":69,"column":70}},"20":{"start":{"line":69,"column":37},"end":{"line":69,"column":70}},"21":{"start":{"line":70,"column":4},"end":{"line":70,"column":76}},"22":{"start":{"line":70,"column":41},"end":{"line":70,"column":76}},"23":{"start":{"line":71,"column":4},"end":{"line":71,"column":76}},"24":{"start":{"line":71,"column":41},"end":{"line":71,"column":76}},"25":{"start":{"line":72,"column":4},"end":{"line":72,"column":76}},"26":{"start":{"line":72,"column":41},"end":{"line":72,"column":76}},"27":{"start":{"line":73,"column":4},"end":{"line":73,"column":50}},"28":{"start":{"line":73,"column":23},"end":{"line":73,"column":50}},"29":{"start":{"line":74,"column":4},"end":{"line":74,"column":53}},"30":{"start":{"line":74,"column":24},"end":{"line":74,"column":53}},"31":{"start":{"line":75,"column":4},"end":{"line":75,"column":50}},"32":{"start":{"line":75,"column":23},"end":{"line":75,"column":50}},"33":{"start":{"line":77,"column":21},"end":{"line":79,"column":null}},"34":{"start":{"line":81,"column":4},"end":{"line":86,"column":6}},"35":{"start":{"line":90,"column":21},"end":{"line":91,"column":null}},"36":{"start":{"line":93,"column":4},"end":{"line":93,"column":36}},"37":{"start":{"line":97,"column":21},"end":{"line":98,"column":null}},"38":{"start":{"line":100,"column":4},"end":{"line":105,"column":6}}},"fnMap":{"0":{"name":"mapProduct","decl":{"start":{"line":13,"column":16},"end":{"line":13,"column":26}},"loc":{"start":{"line":13,"column":42},"end":{"line":62,"column":1}}},"1":{"name":"(anonymous_2)","decl":{"start":{"line":49,"column":6},"end":{"line":49,"column":7}},"loc":{"start":{"line":49,"column":27},"end":{"line":59,"column":8}}},"2":{"name":"(anonymous_3)","decl":{"start":{"line":65,"column":15},"end":{"line":65,"column":20}},"loc":{"start":{"line":65,"column":77},"end":{"line":87,"column":3}}},"3":{"name":"(anonymous_4)","decl":{"start":{"line":89,"column":14},"end":{"line":89,"column":19}},"loc":{"start":{"line":89,"column":53},"end":{"line":94,"column":3}}},"4":{"name":"(anonymous_5)","decl":{"start":{"line":96,"column":15},"end":{"line":96,"column":20}},"loc":{"start":{"line":96,"column":53},"end":{"line":106,"column":3}}}},"branchMap":{"0":{"loc":{"start":{"line":15,"column":4},"end":{"line":15,"column":64}},"type":"binary-expr","locations":[{"start":{"line":15,"column":4},"end":{"line":15,"column":30}},{"start":{"line":15,"column":34},"end":{"line":15,"column":64}}]},"1":{"loc":{"start":{"line":19,"column":2},"end":{"line":24,"column":3}},"type":"if","locations":[{"start":{"line":19,"column":2},"end":{"line":24,"column":3}},{"start":{},"end":{}}]},"2":{"loc":{"start":{"line":20,"column":21},"end":{"line":22,"column":37}},"type":"cond-expr","locations":[{"start":{"line":21,"column":8},"end":{"line":21,"column":17}},{"start":{"line":22,"column":8},"end":{"line":22,"column":37}}]},"3":{"loc":{"start":{"line":25,"column":20},"end":{"line":25,"column":36}},"type":"binary-expr","locations":[{"start":{"line":25,"column":20},"end":{"line":25,"column":30}},{"start":{"line":25,"column":34},"end":{"line":25,"column":36}}]},"4":{"loc":{"start":{"line":26,"column":4},"end":{"line":28,"column":5}},"type":"if","locations":[{"start":{"line":26,"column":4},"end":{"line":28,"column":5}},{"start":{},"end":{}}]},"5":{"loc":{"start":{"line":27,"column":18},"end":{"line":27,"column":72}},"type":"cond-expr","locations":[{"start":{"line":27,"column":43},"end":{"line":27,"column":46}},{"start":{"line":27,"column":49},"end":{"line":27,"column":72}}]},"6":{"loc":{"start":{"line":37,"column":11},"end":{"line":37,"column":60}},"type":"cond-expr","locations":[{"start":{"line":37,"column":29},"end":{"line":37,"column":48}},{"start":{"line":37,"column":51},"end":{"line":37,"column":60}}]},"7":{"loc":{"start":{"line":38,"column":19},"end":{"line":38,"column":58}},"type":"cond-expr","locations":[{"start":{"line":38,"column":37},"end":{"line":38,"column":46}},{"start":{"line":38,"column":49},"end":{"line":38,"column":58}}]},"8":{"loc":{"start":{"line":39,"column":9},"end":{"line":39,"column":22}},"type":"binary-expr","locations":[{"start":{"line":39,"column":9},"end":{"line":39,"column":16}},{"start":{"line":39,"column":20},"end":{"line":39,"column":22}}]},"9":{"loc":{"start":{"line":44,"column":14},"end":{"line":44,"column":39}},"type":"binary-expr","locations":[{"start":{"line":44,"column":14},"end":{"line":44,"column":34}},{"start":{"line":44,"column":38},"end":{"line":44,"column":39}}]},"10":{"loc":{"start":{"line":56,"column":24},"end":{"line":56,"column":48}},"type":"binary-expr","locations":[{"start":{"line":56,"column":24},"end":{"line":56,"column":40}},{"start":{"line":56,"column":44},"end":{"line":56,"column":48}}]},"11":{"loc":{"start":{"line":67,"column":4},"end":{"line":67,"column":56}},"type":"if","locations":[{"start":{"line":67,"column":4},"end":{"line":67,"column":56}},{"start":{},"end":{}}]},"12":{"loc":{"start":{"line":68,"column":4},"end":{"line":68,"column":68}},"type":"if","locations":[{"start":{"line":68,"column":4},"end":{"line":68,"column":68}},{"start":{},"end":{}}]},"13":{"loc":{"start":{"line":69,"column":4},"end":{"line":69,"column":70}},"type":"if","locations":[{"start":{"line":69,"column":4},"end":{"line":69,"column":70}},{"start":{},"end":{}}]},"14":{"loc":{"start":{"line":70,"column":4},"end":{"line":70,"column":76}},"type":"if","locations":[{"start":{"line":70,"column":4},"end":{"line":70,"column":76}},{"start":{},"end":{}}]},"15":{"loc":{"start":{"line":71,"column":4},"end":{"line":71,"column":76}},"type":"if","locations":[{"start":{"line":71,"column":4},"end":{"line":71,"column":76}},{"start":{},"end":{}}]},"16":{"loc":{"start":{"line":72,"column":4},"end":{"line":72,"column":76}},"type":"if","locations":[{"start":{"line":72,"column":4},"end":{"line":72,"column":76}},{"start":{},"end":{}}]},"17":{"loc":{"start":{"line":73,"column":4},"end":{"line":73,"column":50}},"type":"if","locations":[{"start":{"line":73,"column":4},"end":{"line":73,"column":50}},{"start":{},"end":{}}]},"18":{"loc":{"start":{"line":74,"column":4},"end":{"line":74,"column":53}},"type":"if","locations":[{"start":{"line":74,"column":4},"end":{"line":74,"column":53}},{"start":{},"end":{}}]},"19":{"loc":{"start":{"line":75,"column":4},"end":{"line":75,"column":50}},"type":"if","locations":[{"start":{"line":75,"column":4},"end":{"line":75,"column":50}},{"start":{},"end":{}}]}},"s":{"0":1,"1":1,"2":1,"3":12,"4":12,"5":12,"6":11,"7":11,"8":12,"9":2,"10":2,"11":12,"12":1,"13":1,"14":0,"15":0,"16":0,"17":0,"18":0,"19":0,"20":0,"21":0,"22":0,"23":0,"24":0,"25":0,"26":0,"27":0,"28":0,"29":0,"30":0,"31":0,"32":0,"33":0,"34":0,"35":0,"36":0,"37":0,"38":0},"f":{"0":12,"1":1,"2":0,"3":0,"4":0},"b":{"0":[12,2],"1":[11,1],"2":[1,10],"3":[12,0],"4":[2,0],"5":[0,2],"6":[1,11],"7":[1,11],"8":[12,12],"9":[12,0],"10":[1,1],"11":[0,0],"12":[0,0],"13":[0,0],"14":[0,0],"15":[0,0],"16":[0,0],"17":[0,0],"18":[0,0],"19":[0,0]}}
,"/Users/user/Desktop/tawreed/tawreedApp/src/services/tokenStorage.ts": {"path":"/Users/user/Desktop/tawreed/tawreedApp/src/services/tokenStorage.ts","statementMap":{"0":{"start":{"line":14,"column":0},"end":{"line":14,"column":7}},"1":{"start":{"line":22,"column":0},"end":{"line":22,"column":7}},"2":{"start":{"line":31,"column":0},"end":{"line":31,"column":7}},"3":{"start":{"line":1,"column":0},"end":{"line":1,"column":51}},"4":{"start":{"line":2,"column":0},"end":{"line":2,"column":40}},"5":{"start":{"line":10,"column":14},"end":{"line":10,"column":47}},"6":{"start":{"line":11,"column":2},"end":{"line":11,"column":13}},"7":{"start":{"line":15,"column":2},"end":{"line":17,"column":3}},"8":{"start":{"line":16,"column":4},"end":{"line":16,"column":57}},"9":{"start":{"line":18,"column":16},"end":{"line":18,"column":38}},"10":{"start":{"line":19,"column":2},"end":{"line":19,"column":53}},"11":{"start":{"line":23,"column":2},"end":{"line":26,"column":3}},"12":{"start":{"line":24,"column":4},"end":{"line":24,"column":57}},"13":{"start":{"line":25,"column":4},"end":{"line":25,"column":11}},"14":{"start":{"line":27,"column":16},"end":{"line":27,"column":38}},"15":{"start":{"line":28,"column":2},"end":{"line":28,"column":59}},"16":{"start":{"line":32,"column":2},"end":{"line":35,"column":3}},"17":{"start":{"line":33,"column":4},"end":{"line":33,"column":53}},"18":{"start":{"line":34,"column":4},"end":{"line":34,"column":11}},"19":{"start":{"line":36,"column":16},"end":{"line":36,"column":38}},"20":{"start":{"line":37,"column":2},"end":{"line":37,"column":55}}},"fnMap":{"0":{"name":"getNativeStore","decl":{"start":{"line":9,"column":15},"end":{"line":9,"column":29}},"loc":{"start":{"line":9,"column":29},"end":{"line":12,"column":1}}},"1":{"name":"(anonymous_10)","decl":{"start":{"line":10,"column":14},"end":{"line":10,"column":27}},"loc":{"start":{"line":10,"column":14},"end":{"line":10,"column":47}}},"2":{"name":"getToken","decl":{"start":{"line":14,"column":22},"end":{"line":14,"column":30}},"loc":{"start":{"line":14,"column":30},"end":{"line":20,"column":1}}},"3":{"name":"setToken","decl":{"start":{"line":22,"column":22},"end":{"line":22,"column":30}},"loc":{"start":{"line":22,"column":44},"end":{"line":29,"column":1}}},"4":{"name":"removeToken","decl":{"start":{"line":31,"column":22},"end":{"line":31,"column":33}},"loc":{"start":{"line":31,"column":33},"end":{"line":38,"column":1}}}},"branchMap":{"0":{"loc":{"start":{"line":15,"column":2},"end":{"line":17,"column":3}},"type":"if","locations":[{"start":{"line":15,"column":2},"end":{"line":17,"column":3}},{"start":{},"end":{}}]},"1":{"loc":{"start":{"line":23,"column":2},"end":{"line":26,"column":3}},"type":"if","locations":[{"start":{"line":23,"column":2},"end":{"line":26,"column":3}},{"start":{},"end":{}}]},"2":{"loc":{"start":{"line":32,"column":2},"end":{"line":35,"column":3}},"type":"if","locations":[{"start":{"line":32,"column":2},"end":{"line":35,"column":3}},{"start":{},"end":{}}]}},"s":{"0":1,"1":1,"2":1,"3":1,"4":1,"5":12,"6":6,"7":4,"8":0,"9":4,"10":4,"11":1,"12":0,"13":0,"14":1,"15":1,"16":1,"17":0,"18":0,"19":1,"20":1},"f":{"0":6,"1":6,"2":4,"3":1,"4":1},"b":{"0":[0,4],"1":[0,1],"2":[0,1]}}
[...]
62},"end":{"line":131,"column":7}}},"13":{"name":"(anonymous_13)","decl":{"start":{"line":132,"column":43},"end":{"line":132,"column":44}},"loc":{"start":{"line":132,"column":53},"end":{"line":134,"column":7}}},"14":{"name":"(anonymous_14)","decl":{"start":{"line":137,"column":53},"end":{"line":137,"column":54}},"loc":{"start":{"line":137,"column":71},"end":{"line":139,"column":5}}},"15":{"name":"(anonymous_15)","decl":{"start":{"line":143,"column":43},"end":{"line":143,"column":44}},"loc":{"start":{"line":143,"column":53},"end":{"line":146,"column":7}}},"16":{"name":"(anonymous_16)","decl":{"start":{"line":147,"column":45},"end":{"line":147,"column":46}},"loc":{"start":{"line":147,"column":63},"end":{"line":150,"column":7}}},"17":{"name":"(anonymous_17)","decl":{"start":{"line":151,"column":44},"end":{"line":151,"column":45}},"loc":{"start":{"line":151,"column":62},"end":{"line":154,"column":7}}}},"branchMap":{"0":{"loc":{"start":{"line":61,"column":6},"end":{"line":64,"column":7}},"type":"if","locations":[{"start":{"line":61,"column":6},"end":{"line":64,"column":7}},{"start":{},"end":{}}]},"1":{"loc":{"start":{"line":63,"column":8},"end":{"line":63,"column":34}},"type":"if","locations":[{"start":{"line":63,"column":8},"end":{"line":63,"column":34}},{"start":{},"end":{}}]},"2":{"loc":{"start":{"line":71,"column":6},"end":{"line":71,"column":32}},"type":"if","locations":[{"start":{"line":71,"column":6},"end":{"line":71,"column":32}},{"start":{},"end":{}}]}},"s":{"0":2,"1":2,"2":2,"3":2,"4":2,"5":2,"6":5,"7":5,"8":1,"9":2,"10":2,"11":2,"12":0,"13":2,"14":3,"15":3,"16":3,"17":2,"18":2,"19":1,"20":2,"21":2,"22":2,"23":0,"24":0,"25":0,"26":0,"27":2,"28":3,"29":3,"30":1,"31":2,"32":2,"33":1,"34":1,"35":2,"36":5,"37":5,"38":4,"39":4,"40":4,"41":4,"42":1,"43":1,"44":2,"45":2,"46":2,"47":2,"48":2,"49":2,"50":0,"51":2,"52":3,"53":2,"54":3,"55":3,"56":2,"57":2,"58":1,"59":1,"60":2,"61":2},"f":{"0":5,"1":2,"2":3,"3":3,"4":2,"5":1,"6":1,"7":2,"8":5,"9":4,"10":1,"11":2,"12":2,"13":0,"14":3,"15":3,"16":2,"17":1},"b":{"0":[2,1],"1":[1,1],"2":[0,0]}}
,"/Users/user/Desktop/tawreed/tawreedApp/src/utils/cache.ts": {"path":"/Users/user/Desktop/tawreed/tawreedApp/src/utils/cache.ts","statementMap":{"0":{"start":{"line":12,"column":0},"end":{"line":12,"column":7}},"1":{"start":{"line":31,"column":0},"end":{"line":31,"column":7}},"2":{"start":{"line":48,"column":0},"end":{"line":48,"column":7}},"3":{"start":{"line":1,"column":0},"end":{"line":1,"column":69}},"4":{"start":{"line":3,"column":21},"end":{"line":3,"column":37}},"5":{"start":{"line":4,"column":20},"end":{"line":4,"column":34}},"6":{"start":{"line":13,"column":2},"end":{"line":28,"column":3}},"7":{"start":{"line":14,"column":16},"end":{"line":14,"column":62}},"8":{"start":{"line":15,"column":4},"end":{"line":15,"column":26}},"9":{"start":{"line":15,"column":14},"end":{"line":15,"column":26}},"10":{"start":{"line":17,"column":33},"end":{"line":17,"column":48}},"11":{"start":{"line":18,"column":22},"end":{"line":18,"column":62}},"12":{"start":{"line":20,"column":4},"end":{"line":23,"column":5}},"13":{"start":{"line":21,"column":6},"end":{"line":21,"column":56}},"14":{"start":{"line":22,"column":6},"end":{"line":22,"column":18}},"15":{"start":{"line":25,"column":4},"end":{"line":25,"column":22}},"16":{"start":{"line":27,"column":4},"end":{"line":27,"column":16}},"17":{"start":{"line":36,"column":2},"end":{"line":45,"column":3}},"18":{"start":{"line":37,"column":33},"end":{"line":41,"column":6}},"19":{"start":{"line":42,"column":4},"end":{"line":42,"column":74}},"20":{"start":{"line":49,"column":2},"end":{"line":57,"column":3}},"21":{"start":{"line":50,"column":17},"end":{"line":50,"column":48}},"22":{"start":{"line":51,"column":22},"end":{"line":51,"column":68}},"23":{"start":{"line":51,"column":41},"end":{"line":51,"column":67}},"24":{"start":{"line":52,"column":4},"end":{"line":54,"column":5}},"25":{"start":{"line":53,"column":6},"end":{"line":53,"column":48}}},"fnMap":{"0":{"name":"getCached","decl":{"start":{"line":12,"column":22},"end":{"line":12,"column":31}},"loc":{"start":{"line":12,"column":46},"end":{"line":29,"column":1}}},"1":{"name":"setCache","decl":{"start":{"line":31,"column":22},"end":{"line":31,"column":30}},"loc":{"start":{"line":34,"column":27},"end":{"line":46,"column":1}}},"2":{"name":"clearCache","decl":{"start":{"line":48,"column":22},"end":{"line":48,"column":32}},"loc":{"start":{"line":48,"column":32},"end":{"line":58,"column":1}}},"3":{"name":"(anonymous_4)","decl":{"start":{"line":51,"column":34},"end":{"line":51,"column":35}},"loc":{"start":{"line":51,"column":41},"end":{"line":51,"column":67}}}},"branchMap":{"0":{"loc":{"start":{"line":15,"column":4},"end":{"line":15,"column":26}},"type":"if","locations":[{"start":{"line":15,"column":4},"end":{"line":15,"column":26}},{"start":{},"end":{}}]},"1":{"loc":{"start":{"line":20,"column":4},"end":{"line":23,"column":5}},"type":"if","locations":[{"start":{"line":20,"column":4},"end":{"line":23,"column":5}},{"start":{},"end":{}}]},"2":{"loc":{"start":{"line":34,"column":2},"end":{"line":34,"column":27}},"type":"default-arg","locations":[{"start":{"line":34,"column":16},"end":{"line":34,"column":27}}]},"3":{"loc":{"start":{"line":52,"column":4},"end":{"line":54,"column":5}},"type":"if","locations":[{"start":{"line":52,"column":4},"end":{"line":54,"column":5}},{"start":{},"end":{}}]}},"s":{"0":1,"1":1,"2":1,"3":1,"4":1,"5":1,"6":5,"7":5,"8":5,"9":1,"10":4,"11":3,"12":3,"13":1,"14":1,"15":2,"16":1,"17":2,"18":2,"19":2,"20":2,"21":2,"22":2,"23":5,"24":2,"25":1},"f":{"0":5,"1":2,"2":2,"3":5},"b":{"0":[1,4],"1":[1,2],"2":[1],"3":[1,1]}}
,"/Users/user/Desktop/tawreed/tawreedApp/src/utils/errorHandler.ts": {"path":"/Users/user/Desktop/tawreed/tawreedApp/src/utils/errorHandler.ts","statementMap":{"0":{"start":{"line":5,"column":0},"end":{"line":5,"column":16}},"1":{"start":{"line":70,"column":0},"end":{"line":70,"column":16}},"2":{"start":{"line":7,"column":2},"end":{"line":32,"column":3}},"3":{"start":{"line":8,"column":17},"end":{"line":8,"column":36}},"4":{"start":{"line":11,"column":4},"end":{"line":13,"column":5}},"5":{"start":{"line":12,"column":6},"end":{"line":12,"column":24}},"6":{"start":{"line":16,"column":4},"end":{"line":18,"column":5}},"7":{"start":{"line":17,"column":6},"end":{"line":17,"column":26}},"8":{"start":{"line":21,"column":4},"end":{"line":26,"column":5}},"9":{"start":{"line":22,"column":25},"end":{"line":22,"column":54}},"10":{"start":{"line":23,"column":6},"end":{"line":25,"column":7}},"11":{"start":{"line":24,"column":8},"end":{"line":24,"column":26}},"12":{"start":{"line":29,"column":4},"end":{"line":31,"column":5}},"13":{"start":{"line":30,"column":6},"end":{"line":30,"column":26}},"14":{"start":{"line":35,"column":2},"end":{"line":44,"column":3}},"15":{"start":{"line":37,"column":4},"end":{"line":39,"column":5}},"16":{"start":{"line":38,"column":6},"end":{"line":38,"column":57}},"17":{"start":{"line":40,"column":4},"end":{"line":42,"column":5}},"18":{"start":{"line":41,"column":6},"end":{"line":41,"column":51}},"19":{"start":{"line":43,"column":4},"end":{"line":43,"column":25}},"20":{"start":{"line":47,"column":2},"end":{"line":47,"column":44}},"21":{"start":{"line":53,"column":51},"end":{"line":65,"column":2}},"22":{"start":{"line":71,"column":27},"end":{"line":71,"column":53}},"23":{"start":{"line":74,"column":2},"end":{"line":80,"column":3}},"24":{"start":{"line":79,"column":4},"end":{"line":79,"column":28}},"25":{"start":{"line":83,"column":21},"end":{"line":83,"column":43}},"26":{"start":{"line":84,"column":2},"end":{"line":86,"column":3}},"27":{"start":{"line":85,"column":4},"end":{"line":85,"column":42}},"28":{"start":{"line":88,"column":2},"end":{"line":88,"column":64}}},"fnMap":{"0":{"name":"extractErrorMessage","decl":{"start":{"line":5,"column":16},"end":{"line":5,"column":35}},"loc":{"start":{"line":5,"column":46},"end":{"line":48,"column":1}}},"1":{"name":"getErrorMessage","decl":{"start":{"line":70,"column":16},"end":{"line":70,"column":31}},"loc":{"start":{"line":70,"column":42},"end":{"line":89,"column":1}}}},"branchMap":{"0":{"loc":{"start":{"line":7,"column":2},"end":{"line":32,"column":3}},"type":"if","locations":[{"start":{"line":7,"column":2},"end":{"line":32,"column":3}},{"start":{},"end":{}}]},"1":{"loc":{"start":{"line":11,"column":4},"end":{"line":13,"column":5}},"type":"if","locations":[{"start":{"line":11,"column":4},"end":{"line":13,"column":5}},{"start":{},"end":{}}]},"2":{"loc":{"start":{"line":16,"column":4},"end":{"line":18,"column":5}},"type":"if","locations":[{"start":{"line":16,"column":4},"end":{"line":18,"column":5}},{"start":{},"end":{}}]},"3":{"loc":{"start":{"line":21,"column":4},"end":{"line":26,"column":5}},"type":"if","locations":[{"start":{"line":21,"column":4},"end":{"line":26,"column":5}},{"start":{},"end":{}}]},"4":{"loc":{"start":{"line":21,"column":8},"end":{"line":21,"column":54}},"type":"binary-expr","locations":[{"start":{"line":21,"column":8},"end":{"line":21,"column":19}},{"start":{"line":21,"column":23},"end":{"line":21,"column":54}}]},"5":{"loc":{"start":{"line":23,"column":6},"end":{"line":25,"column":7}},"type":"if","locations":[{"start":{"line":23,"column":6},"end":{"line":25,"column":7}},{"start":{},"end":{}}]},"6":{"loc":{"start":{"line":29,"column":4},"end":{"line":31,"column":5}},"type":"if","locations":[{"start":{"line":29,"column":4},"end":{"line":31,"column":5}},{"start":{},"end":{}}]},"7":{"loc":{"start":{"line":29,"column":8},"end":{"line":29,"column":66}},"type":"binary-expr","locations":[{"start":{"line":29,"column":8},"end":{"line":29,"column":30}},{"start":{"line":29,"column":34},"end":{"line":29,"column":66}}]},"8":{"loc":{"start":{"line":35,"column":2},"end":{"line":44,"column":3}},"type":"if","locations":[{"start":{"line":35,"column":2},"end":{"line":44,"column":3}},{"start":{},"end":{}}]},"9":{"loc":{"start":{"line":37,"column":4},"end":{"line":39,"column":5}},"type":"if","locations":[{"start":{"line":37,"column":4},"end":{"line":39,"column":5}},{"start":{},"end":{}}]},"10":{"loc":{"start":{"line":40,"column":4},"end":{"line":42,"column":5}},"type":"if","locations":[{"start":{"line":40,"column":4},"end":{"line":42,"column":5}},{"start":{},"end":{}}]},"11":{"loc":{"start":{"line":74,"column":2},"end":{"line":80,"column":3}},"type":"if","locations":[{"start":{"line":74,"column":2},"end":{"line":80,"column":3}},{"start":{},"end":{}}]},"12":{"loc":{"start":{"line":75,"column":4},"end":{"line":77,"column":39}},"type":"binary-expr","locations":[{"start":{"line":75,"column":4},"end":{"line":75,"column":20}},{"start":{"line":76,"column":4},"end":{"line":76,"column":39}},{"start":{"line":77,"column":4},"end":{"line":77,"column":39}}]},"13":{"loc":{"start":{"line":84,"column":2},"end":{"line":86,"column":3}},"type":"if","locations":[{"start":{"line":84,"column":2},"end":{"line":86,"column":3}},{"start":{},"end":{}}]},"14":{"loc":{"start":{"line":84,"column":6},"end":{"line":84,"column":50}},"type":"binary-expr","locations":[{"start":{"line":84,"column":6},"end":{"line":84,"column":16}},{"start":{"line":84,"column":20},"end":{"line":84,"column":50}}]},"15":{"loc":{"start":{"line":88,"column":9},"end":{"line":88,"column":63}},"type":"binary-expr","locations":[{"start":{"line":88,"column":9},"end":{"line":88,"column":25}},{"start":{"line":88,"column":29},"end":{"line":88,"column":63}}]}},"s":{"0":1,"1":1,"2":25,"3":17,"4":17,"5":4,"6":13,"7":2,"8":11,"9":1,"10":1,"11":1,"12":10,"13":0,"14":18,"15":14,"16":2,"17":12,"18":1,"19":11,"20":4,"21":1,"22":13,"23":13,"24":3,"25":10,"26":10,"27":10,"28":0},"f":{"0":25,"1":13},"b":{"0":[17,8],"1":[4,13],"2":[2,11],"3":[1,10],"4":[11,1],"5":[1,0],"6":[0,10],"7":[10,0],"8":[14,4],"9":[2,12],"10":[1,11],"11":[3,10],"12":[13,13,3],"13":[10,0],"14":[10,10],"15":[0,0]}}
,"/Users/user/Desktop/tawreed/tawreedApp/src/utils/notificationPermissionTracker.ts": {"path":"/Users/user/Desktop/tawreed/tawreedApp/src/utils/notificationPermissionTracker.ts","statementMap":{"0":{"start":{"line":1,"column":0},"end":{"line":1,"column":69}},"1":{"start":{"line":3,"column":21},"end":{"line":7,"column":2}},"2":{"start":{"line":14,"column":4},"end":{"line":22,"column":5}},"3":{"start":{"line":15,"column":20},"end":{"line":16,"column":null}},"4":{"start":{"line":18,"column":6},"end":{"line":18,"column":45}},"5":{"start":{"line":20,"column":6},"end":{"line":20,"column":79}},"6":{"start":{"line":21,"column":6},"end":{"line":21,"column":15}},"7":{"start":{"line":29,"column":4},"end":{"line":46,"column":5}},"8":{"start":{"line":30,"column":22},"end":{"line":30,"column":50}},"9":{"start":{"line":31,"column":19},"end":{"line":31,"column":30}},"10":{"start":{"line":32,"column":6},"end":{"line":35,"column":8}},"11":{"start":{"line":36,"column":6},"end":{"line":38,"column":8}},"12":{"start":{"line":39,"column":6},"end":{"line":39,"column":18}},"13":{"start":{"line":41,"column":6},"end":{"line":44,"column":8}},"14":{"start":{"line":45,"column":6},"end":{"line":45,"column":15}},"15":{"start":{"line":53,"column":4},"end":{"line":69,"column":5}},"16":{"start":{"line":54,"column":24},"end":{"line":55,"column":null}},"17":{"start":{"line":57,"column":6},"end":{"line":57,"column":35}},"18":{"start":{"line":57,"column":22},"end":{"line":57,"column":35}},"19":{"start":{"line":59,"column":28},"end":{"line":59,"column":47}},"20":{"start":{"line":60,"column":20},"end":{"line":60,"column":30}},"21":{"start":{"line":63,"column":24},"end":{"line":63,"column":77}},"22":{"start":{"line":65,"column":6},"end":{"line":65,"column":23}},"23":{"start":{"line":67,"column":6},"end":{"line":67,"column":79}},"24":{"start":{"line":68,"column":6},"end":{"line":68,"column":19}},"25":{"start":{"line":76,"column":4},"end":{"line":87,"column":5}},"26":{"start":{"line":77,"column":6},"end":{"line":80,"column":8}},"27":{"start":{"line":81,"column":6},"end":{"line":81,"column":69}},"28":{"start":{"line":83,"column":6},"end":{"line":86,"column":8}},"29":{"start":{"line":94,"column":4},"end":{"line":105,"column":5}},"30":{"start":{"line":95,"column":21},"end":{"line":96,"column":null}},"31":{"start":{"line":98,"column":6},"end":{"line":98,"column":31}},"32":{"start":{"line":100,"column":6},"end":{"line":103,"column":8}},"33":{"start":{"line":104,"column":6},"end":{"line":104,"column":19}},"34":{"start":{"line":112,"column":4},"end":{"line":125,"column":5}},"35":{"start":{"line":113,"column":6},"end":{"line":116,"column":8}},"36":{"start":{"line":117,"column":6},"end":{"line":119,"column":8}},"37":{"start":{"line":121,"column":6},"end":{"line":124,"column":8}},"38":{"start":{"line":132,"column":4},"end":{"line":137,"column":5}},"39":{"start":{"line":133,"column":6},"end":{"line":133,"column":66}},"40":{"start":{"line":134,"column":6},"end":{"line":134,"column":65}},"41":{"start":{"line":136,"column":6},"end":{"line":136,"column":67}},"42":{"start":{"line":149,"column":25},"end":{"line":149,"column":53}},"43":{"start":{"line":150,"column":26},"end":{"line":150,"column":57}},"44":{"start":{"line":151,"column":32},"end":{"line":151,"column":64}},"45":{"start":{"line":158,"column":6},"end":{"line":158,"column":65}},"46":{"start":{"line":160,"column":4},"end":{"line":165,"column":6}},"47":{"start":{"line":172,"column":4},"end":{"line":172,"column":61}},"48":{"start":{"line":172,"column":50},"end":{"line":172,"column":59}},"49":{"start":{"line":176,"column":13},"end":{"line":177,"column":38}}},"fnMap":{"0":{"name":"(anonymous_1)","decl":{"start":{"line":13,"column":2},"end":{"line":13,"column":7}},"loc":{"start":{"line":13,"column":23},"end":{"line":23,"column":3}}},"1":{"name":"(anonymous_2)","decl":{"start":{"line":28,"column":2},"end":{"line":28,"column":7}},"loc":{"start":{"line":28,"column":29},"end":{"line":47,"column":3}}},"2":{"name":"(anonymous_3)","decl":{"start":{"line":52,"column":2},"end":{"line":52,"column":7}},"loc":{"start":{"line":52,"column":26},"end":{"line":70,"column":3}}},"3":{"name":"(anonymous_4)","decl":{"start":{"line":75,"column":2},"end":{"line":75,"column":7}},"loc":{"start":{"line":75,"column":27},"end":{"line":88,"column":3}}},"4":{"name":"(anonymous_5)","decl":{"start":{"line":93,"column":2},"end":{"line":93,"column":7}},"loc":{"start":{"line":93,"column":27},"end":{"line":106,"column":3}}},"5":{"name":"(anonymous_6)","decl":{"start":{"line":111,"column":2},"end":{"line":111,"column":7}},"loc":{"start":{"line":111,"column":29},"end":{"line":126,"column":3}}},"6":{"name":"(anonymous_7)","decl":{"start":{"line":131,"column":2},"end":{"line":131,"column":7}},"loc":{"start":{"line":131,"column":13},"end":{"line":138,"column":3}}},"7":{"name":"(anonymous_8)","decl":{"start":{"line":143,"column":2},"end":{"line":143,"column":7}},"loc":{"start":{"line":143,"column":17},"end":{"line":166,"column":3}}},"8":{"name":"(anonymous_9)","decl":{"start":{"line":171,"column":2},"end":{"line":171,"column":28}},"loc":{"start":{"line":171,"column":28},"end":{"line":173,"column":3}}},"9":{"name":"(anonymous_10)","decl":{"start":{"line":172,"column":39},"end":{"line":172,"column":40}},"loc":{"start":{"line":172,"column":50},"end":{"line":172,"column":59}}}},"branchMap":{"0":{"loc":{"start":{"line":18,"column":13},"end":{"line":18,"column":44}},"type":"cond-expr","locations":[{"start":{"line":18,"column":21},"end":{"line":18,"column":40}},{"start":{"line":18,"column":43},"end":{"line":18,"column":44}}]},"1":{"loc":{"start":{"line":57,"column":6},"end":{"line":57,"column":35}},"type":"if","locations":[{"start":{"line":57,"column":6},"end":{"line":57,"column":35}},{"start":{},"end":{}}]},"2":{"loc":{"start":{"line":158,"column":6},"end":{"line":158,"column":65}},"type":"binary-expr","locations":[{"start":{"line":158,"column":6},"end":{"line":158,"column":23}},{"start":{"line":158,"column":27},"end":{"line":158,"column":41}},{"start":{"line":158,"column":45},"end":{"line":158,"column":65}}]}},"s":{"0":0,"1":0,"2":0,"3":0,"4":0,"5":0,"6":0,"7":0,"8":0,"9":0,"10":0,"11":0,"12":0,"13":0,"14":0,"15":0,"16":0,"17":0,"18":0,"19":0,"20":0,"21":0,"22":0,"23":0,"24":0,"25":0,"26":0,"27":0,"28":0,"29":0,"30":0,"31":0,"32":0,"33":0,"34":0,"35":0,"36":0,"37":0,"38":0,"39":0,"40":0,"41":0,"42":0,"43":0,"44":0,"45":0,"46":0,"47":0,"48":0,"49":0},"f":{"0":0,"1":0,"2":0,"3":0,"4":0,"5":0,"6":0,"7":0,"8":0,"9":0},"b":{"0":[0,0],"1":[0,0],"2":[0,0,0]}}
,"/Users/user/Desktop/tawreed/tawreedApp/src/utils/whatsapp.ts": {"path":"/Users/user/Desktop/tawreed/tawreedApp/src/utils/whatsapp.ts","statementMap":{"0":{"start":{"line":1,"column":0},"end":{"line":1,"column":39}},"1":{"start":{"line":7,"column":28},"end":{"line":25,"column":1}},"2":{"start":{"line":8,"column":22},"end":{"line":8,"column":36}},"3":{"start":{"line":9,"column":25},"end":{"line":9,"column":52}},"4":{"start":{"line":10,"column":22},"end":{"line":10,"column":75}},"5":{"start":{"line":12,"column":2},"end":{"line":24,"column":3}},"6":{"start":{"line":13,"column":22},"end":{"line":13,"column":59}},"7":{"start":{"line":14,"column":4},"end":{"line":21,"column":5}},"8":{"start":{"line":15,"column":6},"end":{"line":15,"column":41}},"9":{"start":{"line":18,"column":6},"end":{"line":20,"column":8}},"10":{"start":{"line":23,"column":4},"end":{"line":23,"column":52}},"11":{"start":{"line":7,"column":13},"end":{"line":7,"column":28}}},"fnMap":{"0":{"name":"(anonymous_0)","decl":{"start":{"line":7,"column":28},"end":{"line":7,"column":33}},"loc":{"start":{"line":7,"column":64},"end":{"line":25,"column":1}}}},"branchMap":{"0":{"loc":{"start":{"line":7,"column":35},"end":{"line":7,"column":60}},"type":"default-arg","locations":[{"start":{"line":7,"column":53},"end":{"line":7,"column":60}}]},"1":{"loc":{"start":{"line":14,"column":4},"end":{"line":21,"column":5}},"type":"if","locations":[{"start":{"line":14,"column":4},"end":{"line":21,"column":5}},{"start":{"line":16,"column":11},"end":{"line":21,"column":5}}]}},"s":{"0":0,"1":0,"2":0,"3":0,"4":0,"5":0,"6":0,"7":0,"8":0,"9":0,"10":0,"11":0},"f":{"0":0},"b":{"0":[0],"1":[0,0]}}
}
