TN:
SF:src/constants/api.ts
FN:3,(anonymous_0)
FN:22,(anonymous_1)
FN:31,(anonymous_2)
FN:32,(anonymous_3)
FN:36,(anonymous_4)
FN:38,(anonymous_5)
FN:43,(anonymous_6)
FNF:7
FNH:6
FNDA:1,(anonymous_0)
FNDA:2,(anonymous_1)
FNDA:1,(anonymous_2)
FNDA:1,(anonymous_3)
FNDA:1,(anonymous_4)
FNDA:0,(anonymous_5)
FNDA:1,(anonymous_6)
DA:1,1
DA:3,1
DA:5,1
DA:7,1
DA:11,1
DA:14,1
DA:22,2
DA:31,1
DA:32,1
DA:36,1
DA:38,0
DA:43,1
DA:63,1
LF:13
LH:12
BRDA:5,0,0,0
BRDA:5,0,1,1
BRDA:12,1,0,1
BRDA:12,1,1,1
BRF:4
BRH:3
end_of_record
TN:
SF:src/constants/theme-modern.ts
FNF:0
FNH:0
DA:1,0
DA:8,0
DA:46,0
DA:91,0
DA:106,0
DA:118,0
DA:151,0
DA:168,0
DA:173,0
DA:224,0
DA:225,0
LF:11
LH:0
BRF:0
BRH:0
end_of_record
TN:
SF:src/constants/theme.ts
FNF:0
FNH:0
DA:1,1
DA:3,1
DA:38,1
DA:49,1
DA:60,1
DA:69,1
DA:93,1
LF:7
LH:7
BRF:0
BRH:0
end_of_record
TN:
SF:src/hooks/useAuthGuard.ts
FN:8,useAuthGuard
FN:9,(anonymous_1)
FN:13,(anonymous_2)
FNF:3
FNH:0
FNDA:0,useAuthGuard
FNDA:0,(anonymous_1)
FNDA:0,(anonymous_2)
DA:1,0
DA:2,0
DA:8,0
DA:9,0
DA:10,0
DA:12,0
DA:14,0
DA:15,0
DA:16,0
DA:19,0
DA:20,0
DA:25,0
LF:12
LH:0
BRDA:14,0,0,0
BRDA:14,0,1,0
BRF:2
BRH:0
end_of_record
TN:
SF:src/hooks/usePushNotificationPermission.ts
FN:9,(anonymous_0)
FN:15,(anonymous_1)
FN:16,(anonymous_2)
FN:24,(anonymous_3)
FN:31,(anonymous_4)
FN:36,(anonymous_5)
FN:61,(anonymous_6)
FN:73,(anonymous_7)
FNF:8
FNH:0
FNDA:0,(anonymous_0)
FNDA:0,(anonymous_1)
FNDA:0,(anonymous_2)
FNDA:0,(anonymous_3)
FNDA:0,(anonymous_4)
FNDA:0,(anonymous_5)
FNDA:0,(anonymous_6)
FNDA:0,(anonymous_7)
DA:1,0
DA:2,0
DA:3,0
DA:9,0
DA:10,0
DA:11,0
DA:12,0
DA:15,0
DA:16,0
DA:17,0
DA:21,0
DA:24,0
DA:25,0
DA:30,0
DA:32,0
DA:36,0
DA:37,0
DA:38,0
DA:39,0
DA:41,0
DA:47,0
DA:52,0
DA:57,0
DA:61,0
DA:62,0
DA:63,0
DA:64,0
DA:66,0
DA:73,0
DA:74,0
DA:75,0
DA:76,0
DA:78,0
DA:85,0
LF:34
LH:0
BRF:0
BRH:0
end_of_record
TN:
SF:src/localization/i18n.ts
FN:30,loadSavedLanguage
FN:48,changeLanguage
FN:60,getCurrentLanguage
FN:64,isRTL
FNF:4
FNH:4
FNDA:4,loadSavedLanguage
FNDA:6,changeLanguage
FNDA:3,getCurrentLanguage
FNDA:3,isRTL
DA:1,1
DA:2,1
DA:3,1
DA:4,1
DA:6,1
DA:7,1
DA:9,1
DA:11,1
DA:17,1
DA:19,1
DA:30,1
DA:31,4
DA:32,4
DA:33,4
DA:34,2
DA:37,2
DA:38,2
DA:39,0
DA:40,0
DA:48,1
DA:49,6
DA:50,6
DA:52,6
DA:53,6
DA:54,4
DA:55,4
DA:60,1
DA:61,3
DA:64,1
DA:65,3
DA:68,1
LF:31
LH:29
BRDA:33,0,0,2
BRDA:33,0,1,2
BRDA:33,1,0,4
BRDA:33,1,1,3
BRDA:33,1,2,2
BRDA:38,2,0,0
BRDA:38,2,1,2
BRDA:53,3,0,4
BRDA:53,3,1,2
BRDA:61,4,0,3
BRDA:61,4,1,0
BRF:11
BRH:9
end_of_record
TN:
SF:src/services/api.ts
FN:15,(anonymous_1)
FN:28,(anonymous_2)
FN:32,(anonymous_3)
FN:40,(anonymous_4)
FNF:4
FNH:0
FNDA:0,(anonymous_1)
FNDA:0,(anonymous_2)
FNDA:0,(anonymous_3)
FNDA:0,(anonymous_4)
DA:1,0
DA:2,0
DA:3,0
DA:5,0
DA:14,0
DA:16,0
DA:17,0
DA:18,0
DA:20,0
DA:26,0
DA:28,0
DA:31,0
DA:33,0
DA:38,0
DA:41,0
DA:47,0
DA:48,0
DA:50,0
DA:54,0
LF:19
LH:0
BRDA:17,0,0,0
BRDA:17,0,1,0
BRDA:47,1,0,0
BRDA:47,1,1,0
BRF:4
BRH:0
end_of_record
TN:
SF:src/services/auth.service.ts
FN:37,(anonymous_1)
FN:45,(anonymous_2)
FN:64,(anonymous_3)
FN:69,(anonymous_4)
FNF:4
FNH:0
FNDA:0,(anonymous_1)
FNDA:0,(anonymous_2)
FNDA:0,(anonymous_3)
FNDA:0,(anonymous_4)
DA:1,0
DA:2,0
DA:36,0
DA:38,0
DA:42,0
DA:47,0
DA:57,0
DA:61,0
DA:65,0
DA:66,0
DA:70,0
DA:74,0
LF:12
LH:0
BRF:0
BRH:0
end_of_record
TN:
SF:src/services/cart.service.ts
FN:13,(anonymous_1)
FN:17,(anonymous_2)
FN:23,(anonymous_3)
FN:34,(anonymous_4)
FN:45,(anonymous_5)
FNF:5
FNH:0
FNDA:0,(anonymous_1)
FNDA:0,(anonymous_2)
FNDA:0,(anonymous_3)
FNDA:0,(anonymous_4)
FNDA:0,(anonymous_5)
DA:1,0
DA:9,0
DA:10,0
DA:12,0
DA:14,0
DA:17,0
DA:24,0
DA:28,0
DA:38,0
DA:42,0
DA:46,0
LF:11
LH:0
BRF:0
BRH:0
end_of_record
TN:
SF:src/services/category.service.ts
FN:32,mapCategory
FN:68,(anonymous_2)
FNF:2
FNH:0
FNDA:0,mapCategory
FNDA:0,(anonymous_2)
DA:1,0
DA:3,0
DA:34,0
DA:35,0
DA:38,0
DA:44,0
DA:66,0
DA:69,0
DA:70,0
DA:72,0
DA:76,0
LF:11
LH:0
BRDA:34,0,0,0
BRDA:34,0,1,0
BRDA:35,1,0,0
BRDA:35,1,1,0
BRDA:40,2,0,0
BRDA:40,2,1,0
BRDA:49,3,0,0
BRDA:49,3,1,0
BRDA:50,4,0,0
BRDA:50,4,1,0
BRDA:51,5,0,0
BRDA:51,5,1,0
BRDA:52,6,0,0
BRDA:52,6,1,0
BRDA:53,7,0,0
BRDA:53,7,1,0
BRDA:54,8,0,0
BRDA:54,8,1,0
BRDA:54,8,2,0
BRDA:56,9,0,0
BRDA:56,9,1,0
BRDA:70,10,0,0
BRDA:70,10,1,0
BRDA:78,11,0,0
BRDA:78,11,1,0
BRF:25
BRH:0
end_of_record
TN:
SF:src/services/coupon.service.ts
FN:11,(anonymous_1)
FN:21,(anonymous_2)
FNF:2
FNH:0
FNDA:0,(anonymous_1)
FNDA:0,(anonymous_2)
DA:1,0
DA:8,0
DA:10,0
DA:14,0
DA:18,0
DA:24,0
DA:28,0
LF:7
LH:0
BRF:0
BRH:0
end_of_record
TN:
SF:src/services/location.service.ts
FN:10,(anonymous_1)
FN:17,(anonymous_2)
FNF:2
FNH:0
FNDA:0,(anonymous_1)
FNDA:0,(anonymous_2)
DA:1,0
DA:7,0
DA:9,0
DA:11,0
DA:14,0
DA:20,0
DA:24,0
LF:7
LH:0
BRF:0
BRH:0
end_of_record
TN:
SF:src/services/notice.service.ts
FN:22,mapNotice
FN:35,(anonymous_2)
FNF:2
FNH:0
FNDA:0,mapNotice
FNDA:0,(anonymous_2)
DA:1,0
DA:3,0
DA:5,0
DA:6,0
DA:23,0
DA:34,0
DA:36,0
DA:39,0
LF:8
LH:0
BRDA:26,0,0,0
BRDA:26,0,1,0
BRDA:27,1,0,0
BRDA:27,1,1,0
BRF:4
BRH:0
end_of_record
TN:
SF:src/services/notification.service.ts
FN:41,(anonymous_10)
FN:45,(anonymous_11)
FN:47,(anonymous_12)
FN:55,(anonymous_13)
FN:62,(anonymous_14)
FN:84,(anonymous_15)
FN:108,(anonymous_16)
FN:133,(anonymous_17)
FN:212,(anonymous_18)
FN:225,(anonymous_19)
FN:238,(anonymous_20)
FN:265,(anonymous_21)
FN:328,(anonymous_22)
FN:333,(anonymous_23)
FN:340,(anonymous_24)
FN:368,(anonymous_25)
FN:392,(anonymous_26)
FN:404,(anonymous_27)
FN:433,(anonymous_28)
FN:454,(anonymous_29)
FN:495,(anonymous_30)
FN:502,(anonymous_31)
FN:514,(anonymous_32)
FN:521,(anonymous_33)
FN:536,(anonymous_34)
FN:547,(anonymous_35)
FN:563,(anonymous_36)
FN:571,(anonymous_37)
FN:575,(anonymous_38)
FN:580,(anonymous_39)
FN:584,(anonymous_40)
FN:588,(anonymous_41)
FN:592,(anonymous_42)
FN:596,(anonymous_43)
FN:600,(anonymous_44)
FNF:35
FNH:0
FNDA:0,(anonymous_10)
FNDA:0,(anonymous_11)
FNDA:0,(anonymous_12)
FNDA:0,(anonymous_13)
FNDA:0,(anonymous_14)
FNDA:0,(anonymous_15)
FNDA:0,(anonymous_16)
FNDA:0,(anonymous_17)
FNDA:0,(anonymous_18)
FNDA:0,(anonymous_19)
FNDA:0,(anonymous_20)
FNDA:0,(anonymous_21)
FNDA:0,(anonymous_22)
FNDA:0,(anonymous_23)
FNDA:0,(anonymous_24)
FNDA:0,(anonymous_25)
FNDA:0,(anonymous_26)
FNDA:0,(anonymous_27)
FNDA:0,(anonymous_28)
FNDA:0,(anonymous_29)
FNDA:0,(anonymous_30)
FNDA:0,(anonymous_31)
FNDA:0,(anonymous_32)
FNDA:0,(anonymous_33)
FNDA:0,(anonymous_34)
FNDA:0,(anonymous_35)
FNDA:0,(anonymous_36)
FNDA:0,(anonymous_37)
FNDA:0,(anonymous_38)
FNDA:0,(anonymous_39)
FNDA:0,(anonymous_40)
FNDA:0,(anonymous_41)
FNDA:0,(anonymous_42)
FNDA:0,(anonymous_43)
FNDA:0,(anonymous_44)
DA:1,0
DA:3,0
DA:4,0
DA:5,0
DA:6,0
DA:7,0
DA:8,0
DA:11,0
DA:35,0
DA:36,0
DA:37,0
DA:38,0
DA:39,0
DA:42,0
DA:46,0
DA:47,0
DA:49,0
DA:56,0
DA:63,0
DA:64,0
DA:65,0
DA:66,0
DA:67,0
DA:71,0
DA:73,0
DA:77,0
DA:85,0
DA:87,0
DA:88,0
DA:89,0
DA:92,0
DA:95,0
DA:96,0
DA:99,0
DA:107,0
DA:108,0
DA:118,0
DA:121,0
DA:123,0
DA:124,0
DA:126,0
DA:134,0
DA:136,0
DA:138,0
DA:139,0
DA:142,0
DA:144,0
DA:145,0
DA:153,0
DA:156,0
DA:158,0
DA:161,0
DA:164,0
DA:165,0
DA:166,0
DA:174,0
DA:175,0
DA:178,0
DA:179,0
DA:181,0
DA:184,0
DA:185,0
DA:188,0
DA:191,0
DA:197,0
DA:201,0
DA:213,0
DA:214,0
DA:215,0
DA:218,0
DA:226,0
DA:227,0
DA:229,0
DA:231,0
DA:239,0
DA:240,0
DA:241,0
DA:249,0
DA:250,0
DA:251,0
DA:252,0
DA:254,0
DA:255,0
DA:258,0
DA:266,0
DA:267,0
DA:268,0
DA:271,0
DA:274,0
DA:277,0
DA:281,0
DA:282,0
DA:285,0
DA:286,0
DA:287,0
DA:291,0
DA:292,0
DA:296,0
DA:304,0
DA:305,0
DA:307,0
DA:308,0
DA:310,0
DA:314,0
DA:317,0
DA:321,0
DA:329,0
DA:330,0
DA:332,0
DA:334,0
DA:335,0
DA:339,0
DA:341,0
DA:350,0
DA:351,0
DA:352,0
DA:356,0
DA:361,0
DA:369,0
DA:370,0
DA:371,0
DA:373,0
DA:378,0
DA:379,0
DA:382,0
DA:393,0
DA:396,0
DA:397,0
DA:405,0
DA:406,0
DA:407,0
DA:410,0
DA:414,0
DA:415,0
DA:417,0
DA:420,0
DA:423,0
DA:434,0
DA:435,0
DA:443,0
DA:444,0
DA:447,0
DA:455,0
DA:456,0
DA:457,0
DA:458,0
DA:459,0
DA:462,0
DA:463,0
DA:470,0
DA:471,0
DA:475,0
DA:476,0
DA:478,0
DA:483,0
DA:488,0
DA:496,0
DA:503,0
DA:504,0
DA:515,0
DA:522,0
DA:523,0
DA:524,0
DA:526,0
DA:537,0
DA:538,0
DA:540,0
DA:548,0
DA:549,0
DA:550,0
DA:552,0
DA:553,0
DA:554,0
DA:560,0
DA:562,0
DA:564,0
DA:565,0
DA:566,0
DA:567,0
DA:568,0
DA:572,0
DA:576,0
DA:581,0
DA:585,0
DA:589,0
DA:593,0
DA:597,0
DA:601,0
LF:188
LH:0
BRDA:42,0,0,0
BRDA:42,0,1,0
BRDA:46,1,0,0
BRDA:46,1,1,0
BRDA:85,2,0,0
BRDA:85,2,1,0
BRDA:87,3,0,0
BRDA:87,3,1,0
BRDA:138,4,0,0
BRDA:138,4,1,0
BRDA:164,5,0,0
BRDA:164,5,1,0
BRDA:174,6,0,0
BRDA:174,6,1,0
BRDA:179,7,0,0
BRDA:179,7,1,0
BRDA:184,8,0,0
BRDA:184,8,1,0
BRDA:249,9,0,0
BRDA:249,9,1,0
BRDA:267,10,0,0
BRDA:267,10,1,0
BRDA:278,11,0,0
BRDA:278,11,1,0
BRDA:286,12,0,0
BRDA:286,12,1,0
BRDA:300,13,0,0
BRDA:300,13,1,0
BRDA:304,14,0,0
BRDA:304,14,1,0
BRDA:304,15,0,0
BRDA:304,15,1,0
BRDA:351,16,0,0
BRDA:351,16,1,0
BRDA:370,17,0,0
BRDA:370,17,1,0
BRDA:378,18,0,0
BRDA:378,18,1,0
BRDA:396,19,0,0
BRDA:396,19,1,0
BRDA:406,20,0,0
BRDA:406,20,1,0
BRDA:415,21,0,0
BRDA:415,21,1,0
BRDA:439,22,0,0
BRDA:439,22,1,0
BRDA:443,23,0,0
BRDA:443,23,1,0
BRDA:443,24,0,0
BRDA:443,24,1,0
BRDA:457,25,0,0
BRDA:457,25,1,0
BRDA:470,26,0,0
BRDA:470,26,1,0
BRDA:475,27,0,0
BRDA:475,27,1,0
BRDA:537,28,0,0
BRDA:537,28,1,0
BRDA:548,29,0,0
BRDA:548,29,1,0
BRDA:552,30,0,0
BRDA:552,30,1,0
BRDA:566,31,0,0
BRDA:566,31,1,0
BRDA:567,32,0,0
BRDA:567,32,1,0
BRDA:567,33,0,0
BRDA:567,33,1,0
BRF:68
BRH:0
end_of_record
TN:
SF:src/services/order.service.ts
FN:16,fullImageUrl
FN:23,mapItem
FN:40,mapOrder
FN:56,mapOrderDetail
FN:70,(anonymous_5)
FN:77,(anonymous_6)
FN:84,(anonymous_7)
FN:91,(anonymous_8)
FN:110,(anonymous_9)
FNF:9
FNH:0
FNDA:0,fullImageUrl
FNDA:0,mapItem
FNDA:0,mapOrder
FNDA:0,mapOrderDetail
FNDA:0,(anonymous_5)
FNDA:0,(anonymous_6)
FNDA:0,(anonymous_7)
FNDA:0,(anonymous_8)
FNDA:0,(anonymous_9)
DA:1,0
DA:9,0
DA:17,0
DA:18,0
DA:19,0
DA:24,0
DA:41,0
DA:42,0
DA:57,0
DA:58,0
DA:69,0
DA:71,0
DA:74,0
DA:78,0
DA:81,0
DA:85,0
DA:87,0
DA:88,0
DA:92,0
DA:93,0
DA:94,0
DA:98,0
DA:99,0
DA:101,0
DA:106,0
DA:114,0
DA:118,0
LF:27
LH:0
BRDA:17,0,0,0
BRDA:17,0,1,0
BRDA:18,1,0,0
BRDA:18,1,1,0
BRDA:26,2,0,0
BRDA:26,2,1,0
BRDA:27,3,0,0
BRDA:27,3,1,0
BRDA:27,3,2,0
BRDA:28,4,0,0
BRDA:28,4,1,0
BRDA:29,5,0,0
BRDA:29,5,1,0
BRDA:29,5,2,0
BRDA:30,6,0,0
BRDA:30,6,1,0
BRDA:31,7,0,0
BRDA:31,7,1,0
BRDA:32,8,0,0
BRDA:32,8,1,0
BRDA:32,8,2,0
BRDA:44,9,0,0
BRDA:44,9,1,0
BRDA:46,10,0,0
BRDA:46,10,1,0
BRDA:46,10,2,0
BRDA:47,11,0,0
BRDA:47,11,1,0
BRDA:47,11,2,0
BRDA:60,12,0,0
BRDA:60,12,1,0
BRDA:61,13,0,0
BRDA:61,13,1,0
BRDA:61,13,2,0
BRDA:62,14,0,0
BRDA:62,14,1,0
BRDA:62,14,2,0
BRDA:63,15,0,0
BRDA:63,15,1,0
BRDA:64,16,0,0
BRDA:64,16,1,0
BRDA:87,17,0,0
BRDA:87,17,1,0
BRDA:104,18,0,0
BRDA:104,18,1,0
BRF:45
BRH:0
end_of_record
TN:
SF:src/services/product.service.ts
FN:13,mapProduct
FN:49,(anonymous_2)
FN:65,(anonymous_3)
FN:89,(anonymous_4)
FN:96,(anonymous_5)
FNF:5
FNH:2
FNDA:12,mapProduct
FNDA:1,(anonymous_2)
FNDA:0,(anonymous_3)
FNDA:0,(anonymous_4)
FNDA:0,(anonymous_5)
DA:1,1
DA:10,1
DA:13,1
DA:15,12
DA:18,12
DA:19,12
DA:20,11
DA:23,11
DA:25,12
DA:26,2
DA:27,2
DA:31,12
DA:49,1
DA:64,1
DA:66,0
DA:67,0
DA:68,0
DA:69,0
DA:70,0
DA:71,0
DA:72,0
DA:73,0
DA:74,0
DA:75,0
DA:77,0
DA:81,0
DA:90,0
DA:93,0
DA:97,0
DA:100,0
LF:30
LH:14
BRDA:15,0,0,12
BRDA:15,0,1,2
BRDA:19,1,0,11
BRDA:19,1,1,1
BRDA:20,2,0,1
BRDA:20,2,1,10
BRDA:25,3,0,12
BRDA:25,3,1,0
BRDA:26,4,0,2
BRDA:26,4,1,0
BRDA:27,5,0,0
BRDA:27,5,1,2
BRDA:37,6,0,1
BRDA:37,6,1,11
BRDA:38,7,0,1
BRDA:38,7,1,11
BRDA:39,8,0,12
BRDA:39,8,1,12
BRDA:44,9,0,12
BRDA:44,9,1,0
BRDA:56,10,0,1
BRDA:56,10,1,1
BRDA:67,11,0,0
BRDA:67,11,1,0
BRDA:68,12,0,0
BRDA:68,12,1,0
BRDA:69,13,0,0
BRDA:69,13,1,0
BRDA:70,14,0,0
BRDA:70,14,1,0
BRDA:71,15,0,0
BRDA:71,15,1,0
BRDA:72,16,0,0
BRDA:72,16,1,0
BRDA:73,17,0,0
BRDA:73,17,1,0
BRDA:74,18,0,0
BRDA:74,18,1,0
BRDA:75,19,0,0
BRDA:75,19,1,0
BRF:40
BRH:18
end_of_record
TN:
SF:src/services/tokenStorage.ts
FN:9,getNativeStore
FN:10,(anonymous_10)
FN:14,getToken
FN:22,setToken
FN:31,removeToken
FNF:5
FNH:5
FNDA:6,getNativeStore
FNDA:6,(anonymous_10)
FNDA:4,getToken
FNDA:1,setToken
FNDA:1,removeToken
DA:1,1
DA:2,1
DA:10,12
DA:11,6
DA:14,1
DA:15,4
DA:16,0
DA:18,4
DA:19,4
DA:22,1
DA:23,1
DA:24,0
DA:25,0
DA:27,1
DA:28,1
DA:31,1
DA:32,1
DA:33,0
DA:34,0
DA:36,1
DA:37,1
LF:21
LH:16
BRDA:15,0,0,0
BRDA:15,0,1,4
BRDA:23,1,0,0
BRDA:23,1,1,1
BRDA:32,2,0,0
BRDA:32,2,1,1
BRF:6
BRH:3
end_of_record
TN:
SF:src/store/index.ts
FNF:0
FNH:0
DA:1,1
DA:2,1
DA:7,1
DA:8,1
DA:9,1
DA:10,1
DA:11,1
DA:12,1
DA:13,1
DA:15,1
DA:30,1
DA:31,1
LF:12
LH:12
BRF:0
BRH:0
end_of_record
TN:
SF:src/store/slices/auth.slice.ts
FN:33,(anonymous_0)
FN:47,(anonymous_1)
FN:61,(anonymous_2)
FN:76,(anonymous_3)
FN:82,(anonymous_4)
FN:100,(anonymous_5)
FN:103,(anonymous_6)
FN:107,(anonymous_7)
FN:113,(anonymous_8)
FN:116,(anonymous_9)
FN:120,(anonymous_10)
FN:126,(anonymous_11)
FN:133,(anonymous_12)
FN:137,(anonymous_13)
FN:143,(anonymous_14)
FN:150,(anonymous_15)
FN:153,(anonymous_16)
FN:163,(anonymous_17)
FN:170,(anonymous_18)
FN:180,(anonymous_19)
FN:185,(anonymous_20)
FNF:21
FNH:20
FNDA:9,(anonymous_0)
FNDA:3,(anonymous_1)
FNDA:3,(anonymous_2)
FNDA:4,(anonymous_3)
FNDA:2,(anonymous_4)
FNDA:1,(anonymous_5)
FNDA:2,(anonymous_6)
FNDA:2,(anonymous_7)
FNDA:3,(anonymous_8)
FNDA:9,(anonymous_9)
FNDA:7,(anonymous_10)
FNDA:2,(anonymous_11)
FNDA:3,(anonymous_12)
FNDA:2,(anonymous_13)
FNDA:1,(anonymous_14)
FNDA:3,(anonymous_15)
FNDA:3,(anonymous_16)
FNDA:0,(anonymous_17)
FNDA:4,(anonymous_18)
FNDA:1,(anonymous_19)
FNDA:1,(anonymous_20)
DA:1,3
DA:7,3
DA:8,3
DA:9,3
DA:21,3
DA:31,3
DA:34,9
DA:35,9
DA:36,7
DA:37,7
DA:39,2
DA:40,2
DA:45,3
DA:48,3
DA:49,3
DA:50,2
DA:51,2
DA:53,1
DA:54,1
DA:59,3
DA:62,3
DA:63,3
DA:64,3
DA:65,1
DA:67,2
DA:68,1
DA:70,1
DA:71,1
DA:76,3
DA:77,4
DA:80,3
DA:83,2
DA:84,2
DA:88,1
DA:90,1
DA:91,1
DA:96,3
DA:101,1
DA:104,2
DA:105,2
DA:108,2
DA:109,1
DA:115,3
DA:117,9
DA:118,9
DA:121,7
DA:122,7
DA:123,7
DA:124,7
DA:127,2
DA:128,2
DA:132,3
DA:134,3
DA:135,3
DA:138,2
DA:139,2
DA:140,2
DA:141,2
DA:144,1
DA:145,1
DA:149,3
DA:151,3
DA:154,3
DA:155,3
DA:156,3
DA:157,1
DA:158,1
DA:159,1
DA:164,0
DA:165,0
DA:170,3
DA:171,4
DA:172,4
DA:173,4
DA:174,4
DA:175,4
DA:179,3
DA:181,1
DA:182,1
DA:186,1
DA:191,3
DA:192,3
LF:82
LH:80
BRDA:64,0,0,1
BRDA:64,0,1,2
BRDA:108,1,0,1
BRDA:108,1,1,1
BRDA:156,2,0,1
BRDA:156,2,1,2
BRDA:181,3,0,1
BRDA:181,3,1,0
BRF:8
BRH:7
end_of_record
TN:
SF:src/store/slices/cart.slice.ts
FN:11,mapApiItemToCartItem
FN:15,(anonymous_1)
FN:43,(anonymous_2)
FN:55,(anonymous_3)
FN:78,(anonymous_4)
FN:93,(anonymous_5)
FN:107,(anonymous_6)
FN:112,(anonymous_7)
FN:118,(anonymous_8)
FN:120,(anonymous_9)
FN:123,(anonymous_10)
FN:127,(anonymous_11)
FN:131,(anonymous_12)
FN:134,(anonymous_13)
FN:138,(anonymous_14)
FN:142,(anonymous_15)
FN:149,(anonymous_16)
FN:152,(anonymous_17)
FN:156,(anonymous_18)
FN:164,(anonymous_19)
FN:171,(anonymous_20)
FN:174,(anonymous_21)
FN:177,(anonymous_22)
FN:180,(anonymous_23)
FN:187,(anonymous_24)
FN:190,(anonymous_25)
FN:193,(anonymous_26)
FN:196,(anonymous_27)
FN:202,(anonymous_28)
FNF:29
FNH:26
FNDA:14,mapApiItemToCartItem
FNDA:0,(anonymous_1)
FNDA:11,(anonymous_2)
FNDA:5,(anonymous_3)
FNDA:2,(anonymous_4)
FNDA:1,(anonymous_5)
FNDA:1,(anonymous_6)
FNDA:1,(anonymous_7)
FNDA:1,(anonymous_8)
FNDA:1,(anonymous_9)
FNDA:1,(anonymous_10)
FNDA:1,(anonymous_11)
FNDA:2,(anonymous_12)
FNDA:11,(anonymous_13)
FNDA:9,(anonymous_14)
FNDA:2,(anonymous_15)
FNDA:5,(anonymous_16)
FNDA:4,(anonymous_17)
FNDA:1,(anonymous_18)
FNDA:1,(anonymous_19)
FNDA:2,(anonymous_20)
FNDA:2,(anonymous_21)
FNDA:2,(anonymous_22)
FNDA:0,(anonymous_23)
FNDA:1,(anonymous_24)
FNDA:1,(anonymous_25)
FNDA:2,(anonymous_26)
FNDA:0,(anonymous_27)
FNDA:1,(anonymous_28)
DA:1,2
DA:3,2
DA:4,2
DA:9,2
DA:13,14
DA:15,0
DA:19,14
DA:34,2
DA:41,2
DA:44,11
DA:45,11
DA:46,9
DA:48,2
DA:53,2
DA:63,5
DA:64,5
DA:69,4
DA:71,1
DA:76,2
DA:82,2
DA:83,2
DA:84,2
DA:86,0
DA:91,2
DA:94,1
DA:95,1
DA:96,1
DA:98,0
DA:103,2
DA:111,1
DA:112,1
DA:114,1
DA:115,1
DA:119,1
DA:120,1
DA:124,1
DA:125,1
DA:128,1
DA:133,2
DA:135,11
DA:136,11
DA:139,9
DA:140,9
DA:143,2
DA:144,2
DA:148,2
DA:150,5
DA:153,4
DA:154,4
DA:155,4
DA:156,1
DA:158,4
DA:159,1
DA:161,3
DA:165,1
DA:166,1
DA:170,2
DA:172,2
DA:175,2
DA:176,2
DA:177,2
DA:178,2
DA:181,0
DA:182,0
DA:186,2
DA:188,1
DA:191,1
DA:192,1
DA:193,2
DA:197,0
DA:198,0
DA:202,2
DA:203,1
DA:204,1
DA:209,2
DA:211,2
LF:76
LH:69
BRDA:13,0,0,14
BRDA:13,0,1,13
BRDA:13,0,2,13
BRDA:14,1,0,0
BRDA:14,1,1,13
BRDA:14,2,0,13
BRDA:14,2,1,0
BRDA:23,3,0,14
BRDA:23,3,1,13
BRDA:114,4,0,1
BRDA:114,4,1,0
BRDA:158,5,0,1
BRDA:158,5,1,3
BRDA:178,6,0,2
BRDA:178,6,1,0
BRF:15
BRH:11
end_of_record
TN:
SF:src/store/slices/categories.slice.ts
FN:30,(anonymous_0)
FN:51,(anonymous_1)
FN:53,(anonymous_2)
FN:57,(anonymous_3)
FN:61,(anonymous_4)
FNF:5
FNH:5
FNDA:4,(anonymous_0)
FNDA:2,(anonymous_1)
FNDA:4,(anonymous_2)
FNDA:3,(anonymous_3)
FNDA:1,(anonymous_4)
DA:1,2
DA:6,2
DA:7,2
DA:8,2
DA:17,2
DA:28,2
DA:31,4
DA:32,4
DA:33,4
DA:35,3
DA:36,1
DA:37,1
DA:39,2
DA:40,2
DA:42,1
DA:47,2
DA:52,2
DA:54,4
DA:55,4
DA:58,3
DA:59,3
DA:62,1
DA:63,1
DA:68,2
LF:24
LH:24
BRDA:33,0,0,1
BRDA:33,0,1,3
BRDA:40,1,0,1
BRDA:40,1,1,1
BRF:4
BRH:4
end_of_record
TN:
SF:src/store/slices/notices.slice.ts
FN:22,(anonymous_0)
FN:35,(anonymous_1)
FN:41,(anonymous_2)
FN:43,(anonymous_3)
FN:47,(anonymous_4)
FN:52,(anonymous_5)
FNF:6
FNH:5
FNDA:8,(anonymous_0)
FNDA:7,(anonymous_1)
FNDA:2,(anonymous_2)
FNDA:8,(anonymous_3)
FNDA:8,(anonymous_4)
FNDA:0,(anonymous_5)
DA:1,2
DA:3,2
DA:4,2
DA:13,2
DA:20,2
DA:23,8
DA:24,8
DA:26,0
DA:31,2
DA:36,7
DA:37,6
DA:42,2
DA:44,8
DA:45,8
DA:48,8
DA:49,8
DA:50,8
DA:53,0
DA:54,0
DA:59,2
DA:60,2
LF:21
LH:18
BRDA:36,0,0,6
BRDA:36,0,1,1
BRF:2
BRH:2
end_of_record
TN:
SF:src/store/slices/notifications.slice.ts
FN:22,(anonymous_0)
FN:33,(anonymous_1)
FN:45,(anonymous_2)
FN:58,(anonymous_3)
FN:60,(anonymous_4)
FN:64,(anonymous_5)
FN:67,(anonymous_6)
FN:69,(anonymous_7)
FN:74,(anonymous_8)
FN:75,(anonymous_9)
FN:82,(anonymous_10)
FN:83,(anonymous_11)
FNF:12
FNH:12
FNDA:8,(anonymous_0)
FNDA:2,(anonymous_1)
FNDA:1,(anonymous_2)
FNDA:2,(anonymous_3)
FNDA:8,(anonymous_4)
FNDA:7,(anonymous_5)
FNDA:28,(anonymous_6)
FNDA:1,(anonymous_7)
FNDA:2,(anonymous_8)
FNDA:4,(anonymous_9)
FNDA:1,(anonymous_10)
FNDA:4,(anonymous_11)
DA:1,2
DA:3,2
DA:4,2
DA:13,2
DA:20,2
DA:23,8
DA:24,8
DA:26,1
DA:31,2
DA:34,2
DA:35,2
DA:36,2
DA:38,0
DA:43,2
DA:46,1
DA:47,1
DA:49,0
DA:54,2
DA:59,2
DA:61,8
DA:62,8
DA:65,7
DA:66,7
DA:67,28
DA:70,1
DA:71,1
DA:74,2
DA:75,4
DA:76,2
DA:77,1
DA:78,1
DA:82,2
DA:83,1
DA:84,4
DA:86,1
DA:91,2
LF:36
LH:34
BRDA:76,0,0,1
BRDA:76,0,1,1
BRDA:76,1,0,2
BRDA:76,1,1,2
BRF:4
BRH:4
end_of_record
TN:
SF:src/store/slices/orders.slice.ts
FN:33,(anonymous_0)
FN:44,(anonymous_1)
FN:55,(anonymous_2)
FN:72,(anonymous_3)
FN:88,(anonymous_4)
FN:91,(anonymous_5)
FN:95,(anonymous_6)
FN:98,(anonymous_7)
FN:102,(anonymous_8)
FN:106,(anonymous_9)
FN:113,(anonymous_10)
FN:117,(anonymous_11)
FN:121,(anonymous_12)
FN:128,(anonymous_13)
FN:133,(anonymous_14)
FN:149,(anonymous_15)
FN:160,(anonymous_16)
FN:164,(anonymous_17)
FN:167,(anonymous_18)
FN:176,(anonymous_19)
FNF:20
FNH:20
FNDA:11,(anonymous_0)
FNDA:3,(anonymous_1)
FNDA:4,(anonymous_2)
FNDA:2,(anonymous_3)
FNDA:1,(anonymous_4)
FNDA:1,(anonymous_5)
FNDA:2,(anonymous_6)
FNDA:11,(anonymous_7)
FNDA:9,(anonymous_8)
FNDA:2,(anonymous_9)
FNDA:3,(anonymous_10)
FNDA:2,(anonymous_11)
FNDA:1,(anonymous_12)
FNDA:4,(anonymous_13)
FNDA:3,(anonymous_14)
FNDA:1,(anonymous_15)
FNDA:2,(anonymous_16)
FNDA:1,(anonymous_17)
FNDA:1,(anonymous_18)
FNDA:1,(anonymous_19)
DA:1,2
DA:8,2
DA:9,2
DA:21,2
DA:31,2
DA:34,11
DA:35,11
DA:37,2
DA:42,2
DA:45,3
DA:46,3
DA:48,1
DA:53,2
DA:56,4
DA:57,4
DA:58,4
DA:59,3
DA:60,3
DA:62,1
DA:63,1
DA:64,1
DA:65,1
DA:70,2
DA:76,2
DA:77,2
DA:79,1
DA:84,2
DA:89,1
DA:92,1
DA:97,2
DA:99,11
DA:100,11
DA:103,9
DA:104,9
DA:107,2
DA:108,2
DA:112,2
DA:114,3
DA:115,3
DA:118,2
DA:119,2
DA:122,1
DA:123,1
DA:127,2
DA:129,4
DA:130,4
DA:131,4
DA:134,3
DA:135,3
DA:136,3
DA:150,1
DA:154,1
DA:155,1
DA:159,2
DA:161,2
DA:162,2
DA:165,1
DA:166,1
DA:167,1
DA:168,1
DA:169,1
DA:177,1
DA:178,1
DA:183,2
DA:184,2
LF:65
LH:65
BRDA:142,0,0,3
BRDA:142,0,1,0
BRDA:168,1,0,1
BRDA:168,1,1,0
BRF:4
BRH:2
end_of_record
TN:
SF:src/store/slices/products.slice.ts
FN:35,(anonymous_0)
FN:46,(anonymous_1)
FN:57,(anonymous_2)
FN:80,(anonymous_3)
FN:93,(anonymous_4)
FN:96,(anonymous_5)
FN:99,(anonymous_6)
FN:103,(anonymous_7)
FN:106,(anonymous_8)
FN:110,(anonymous_9)
FN:116,(anonymous_10)
FN:123,(anonymous_11)
FN:126,(anonymous_12)
FN:132,(anonymous_13)
FN:137,(anonymous_14)
FN:143,(anonymous_15)
FN:147,(anonymous_16)
FN:151,(anonymous_17)
FNF:18
FNH:17
FNDA:5,(anonymous_0)
FNDA:2,(anonymous_1)
FNDA:3,(anonymous_2)
FNDA:3,(anonymous_3)
FNDA:2,(anonymous_4)
FNDA:1,(anonymous_5)
FNDA:1,(anonymous_6)
FNDA:2,(anonymous_7)
FNDA:5,(anonymous_8)
FNDA:4,(anonymous_9)
FNDA:1,(anonymous_10)
FNDA:2,(anonymous_11)
FNDA:2,(anonymous_12)
FNDA:0,(anonymous_13)
FNDA:3,(anonymous_14)
FNDA:3,(anonymous_15)
FNDA:2,(anonymous_16)
FNDA:1,(anonymous_17)
DA:1,2
DA:3,2
DA:4,2
DA:5,2
DA:20,2
DA:33,2
DA:36,5
DA:37,5
DA:39,1
DA:44,2
DA:47,2
DA:48,2
DA:50,0
DA:55,2
DA:58,3
DA:59,3
DA:61,3
DA:62,2
DA:63,2
DA:66,2
DA:67,2
DA:68,2
DA:70,0
DA:71,0
DA:73,0
DA:78,2
DA:81,3
DA:82,3
DA:84,1
DA:89,2
DA:94,2
DA:97,1
DA:100,1
DA:105,2
DA:107,5
DA:108,5
DA:111,4
DA:112,4
DA:113,4
DA:114,4
DA:117,1
DA:118,1
DA:122,2
DA:124,2
DA:127,2
DA:128,2
DA:129,2
DA:130,2
DA:133,0
DA:137,2
DA:138,3
DA:142,2
DA:144,3
DA:145,3
DA:148,2
DA:149,2
DA:152,1
DA:153,1
DA:158,2
DA:160,2
LF:60
LH:55
BRDA:61,0,0,2
BRDA:61,0,1,1
BRDA:63,1,0,1
BRDA:63,1,1,1
BRDA:71,2,0,0
BRDA:71,2,1,0
BRF:6
BRH:4
end_of_record
TN:
SF:src/utils/cache.ts
FN:12,getCached
FN:31,setCache
FN:48,clearCache
FN:51,(anonymous_4)
FNF:4
FNH:4
FNDA:5,getCached
FNDA:2,setCache
FNDA:2,clearCache
FNDA:5,(anonymous_4)
DA:1,1
DA:3,1
DA:4,1
DA:12,1
DA:13,5
DA:14,5
DA:15,5
DA:17,4
DA:18,3
DA:20,3
DA:21,1
DA:22,1
DA:25,2
DA:27,1
DA:31,1
DA:36,2
DA:37,2
DA:42,2
DA:48,1
DA:49,2
DA:50,2
DA:51,5
DA:52,2
DA:53,1
LF:24
LH:24
BRDA:15,0,0,1
BRDA:15,0,1,4
BRDA:20,1,0,1
BRDA:20,1,1,2
BRDA:34,2,0,1
BRDA:52,3,0,1
BRDA:52,3,1,1
BRF:7
BRH:7
end_of_record
TN:
SF:src/utils/errorHandler.ts
FN:5,extractErrorMessage
FN:70,getErrorMessage
FNF:2
FNH:2
FNDA:25,extractErrorMessage
FNDA:13,getErrorMessage
DA:5,1
DA:7,25
DA:8,17
DA:11,17
DA:12,4
DA:16,13
DA:17,2
DA:21,11
DA:22,1
DA:23,1
DA:24,1
DA:29,10
DA:30,0
DA:35,18
DA:37,14
DA:38,2
DA:40,12
DA:41,1
DA:43,11
DA:47,4
DA:53,1
DA:70,1
DA:71,13
DA:74,13
DA:79,3
DA:83,10
DA:84,10
DA:85,10
DA:88,0
LF:29
LH:27
BRDA:7,0,0,17
BRDA:7,0,1,8
BRDA:11,1,0,4
BRDA:11,1,1,13
BRDA:16,2,0,2
BRDA:16,2,1,11
BRDA:21,3,0,1
BRDA:21,3,1,10
BRDA:21,4,0,11
BRDA:21,4,1,1
BRDA:23,5,0,1
BRDA:23,5,1,0
BRDA:29,6,0,0
BRDA:29,6,1,10
BRDA:29,7,0,10
BRDA:29,7,1,0
BRDA:35,8,0,14
BRDA:35,8,1,4
BRDA:37,9,0,2
BRDA:37,9,1,12
BRDA:40,10,0,1
BRDA:40,10,1,11
BRDA:74,11,0,3
BRDA:74,11,1,10
BRDA:75,12,0,13
BRDA:75,12,1,13
BRDA:75,12,2,3
BRDA:84,13,0,10
BRDA:84,13,1,0
BRDA:84,14,0,10
BRDA:84,14,1,10
BRDA:88,15,0,0
BRDA:88,15,1,0
BRF:33
BRH:27
end_of_record
TN:
SF:src/utils/notificationPermissionTracker.ts
FN:13,(anonymous_1)
FN:28,(anonymous_2)
FN:52,(anonymous_3)
FN:75,(anonymous_4)
FN:93,(anonymous_5)
FN:111,(anonymous_6)
FN:131,(anonymous_7)
FN:143,(anonymous_8)
FN:171,(anonymous_9)
FN:172,(anonymous_10)
FNF:10
FNH:0
FNDA:0,(anonymous_1)
FNDA:0,(anonymous_2)
FNDA:0,(anonymous_3)
FNDA:0,(anonymous_4)
FNDA:0,(anonymous_5)
FNDA:0,(anonymous_6)
FNDA:0,(anonymous_7)
FNDA:0,(anonymous_8)
FNDA:0,(anonymous_9)
FNDA:0,(anonymous_10)
DA:1,0
DA:3,0
DA:14,0
DA:15,0
DA:18,0
DA:20,0
DA:21,0
DA:29,0
DA:30,0
DA:31,0
DA:32,0
DA:36,0
DA:39,0
DA:41,0
DA:45,0
DA:53,0
DA:54,0
DA:57,0
DA:59,0
DA:60,0
DA:63,0
DA:65,0
DA:67,0
DA:68,0
DA:76,0
DA:77,0
DA:81,0
DA:83,0
DA:94,0
DA:95,0
DA:98,0
DA:100,0
DA:104,0
DA:112,0
DA:113,0
DA:117,0
DA:121,0
DA:132,0
DA:133,0
DA:134,0
DA:136,0
DA:149,0
DA:150,0
DA:151,0
DA:158,0
DA:160,0
DA:172,0
DA:176,0
LF:48
LH:0
BRDA:18,0,0,0
BRDA:18,0,1,0
BRDA:57,1,0,0
BRDA:57,1,1,0
BRDA:158,2,0,0
BRDA:158,2,1,0
BRDA:158,2,2,0
BRF:7
BRH:0
end_of_record
TN:
SF:src/utils/whatsapp.ts
FN:7,(anonymous_0)
FNF:1
FNH:0
FNDA:0,(anonymous_0)
DA:1,0
DA:7,0
DA:8,0
DA:9,0
DA:10,0
DA:12,0
DA:13,0
DA:14,0
DA:15,0
DA:18,0
DA:23,0
LF:11
LH:0
BRDA:7,0,0,0
BRDA:14,1,0,0
BRDA:14,1,1,0
BRF:3
BRH:0
end_of_record
